2024-08-06 13:18:17.5084 INFO Application started. Press Ctrl+C to shut down. 
2024-08-06 13:18:17.5193 INFO Hosting environment: Development 
2024-08-06 13:18:17.5193 INFO Content root path: C:\Users\LENOVO\source\repos\SwiftPos\SwiftPos 
2024-08-06 13:19:28.5664 INFO User Details: Id=602d6f2c-d392-47b0-aa9a-9cf563ca7d17, Name=inzamam, Role=Admin 
2024-08-06 13:22:46.7811 INFO Application started. Press Ctrl+C to shut down. 
2024-08-06 13:22:46.7904 INFO Hosting environment: Development 
2024-08-06 13:22:46.7904 INFO Content root path: C:\Users\LENOVO\source\repos\SwiftPos\SwiftPos 
2024-08-06 13:24:24.4439 ERROR An unhandled exception has occurred. Microsoft.Azure.Cosmos.CosmosException : Response status code does not indicate success: BadRequest (400); Substatus: 1001; ActivityId: c4021923-bde4-48d3-bc3d-f4ede7c2ec15; Reason: (Message: {"Errors":["PartitionKey extracted from document doesn't match the one specified in the header. Learn more: https:\/\/aka.ms\/CosmosDB\/sql\/errors\/wrong-pk-value"]}
ActivityId: c4021923-bde4-48d3-bc3d-f4ede7c2ec15, Request URI: /apps/e42bb9c6-0177-4978-bb1d-49cf68216bd1/services/38040a96-a016-405b-98d0-795bd56d8c43/partitions/dc004c23-ea4e-4c46-988a-3554238939b4/replicas/133669415420594685p, RequestStats: Microsoft.Azure.Cosmos.Tracing.TraceData.ClientSideRequestStatisticsTraceDatum, SDK: Windows/10.0.22631 cosmos-netstandard-sdk/3.31.4);
   at Microsoft.Azure.Documents.StoreResult.ToResponse(RequestChargeTracker requestChargeTracker)
   at Microsoft.Azure.Documents.ConsistencyWriter.WritePrivateAsync(DocumentServiceRequest request, TimeoutHelper timeout, Boolean forceRefresh)
   at Microsoft.Azure.Documents.BackoffRetryUtility`1.ExecuteRetryAsync[TParam,TPolicy](Func`1 callbackMethod, Func`3 callbackMethodWithParam, Func`2 callbackMethodWithPolicy, TParam param, IRetryPolicy retryPolicy, IRetryPolicy`1 retryPolicyWithArg, Func`1 inBackoffAlternateCallbackMethod, Func`2 inBackoffAlternateCallbackMethodWithPolicy, TimeSpan minBackoffForInBackoffCallback, CancellationToken cancellationToken, Action`1 preRetryCallback)
   at Microsoft.Azure.Documents.ShouldRetryResult.ThrowIfDoneTrying(ExceptionDispatchInfo capturedException)
   at Microsoft.Azure.Documents.BackoffRetryUtility`1.ExecuteRetryAsync[TParam,TPolicy](Func`1 callbackMethod, Func`3 callbackMethodWithParam, Func`2 callbackMethodWithPolicy, TParam param, IRetryPolicy retryPolicy, IRetryPolicy`1 retryPolicyWithArg, Func`1 inBackoffAlternateCallbackMethod, Func`2 inBackoffAlternateCallbackMethodWithPolicy, TimeSpan minBackoffForInBackoffCallback, CancellationToken cancellationToken, Action`1 preRetryCallback)
   at Microsoft.Azure.Documents.ConsistencyWriter.WriteAsync(DocumentServiceRequest entity, TimeoutHelper timeout, Boolean forceRefresh, CancellationToken cancellationToken)
   at Microsoft.Azure.Documents.ReplicatedResourceClient.<>c__DisplayClass31_0.<<InvokeAsync>b__0>d.MoveNext()
--- End of stack trace from previous location ---
   at Microsoft.Azure.Documents.RequestRetryUtility.ProcessRequestAsync[TRequest,IRetriableResponse](Func`1 executeAsync, Func`1 prepareRequest, IRequestRetryPolicy`2 policy, CancellationToken cancellationToken, Func`1 inBackoffAlternateCallbackMethod, Nullable`1 minBackoffForInBackoffCallback)
   at Microsoft.Azure.Documents.ShouldRetryResult.ThrowIfDoneTrying(ExceptionDispatchInfo capturedException)
   at Microsoft.Azure.Documents.RequestRetryUtility.ProcessRequestAsync[TRequest,IRetriableResponse](Func`1 executeAsync, Func`1 prepareRequest, IRequestRetryPolicy`2 policy, CancellationToken cancellationToken, Func`1 inBackoffAlternateCallbackMethod, Nullable`1 minBackoffForInBackoffCallback)
   at Microsoft.Azure.Documents.StoreClient.ProcessMessageAsync(DocumentServiceRequest request, CancellationToken cancellationToken, IRetryPolicy retryPolicy)
   at Microsoft.Azure.Cosmos.Handlers.TransportHandler.ProcessMessageAsync(RequestMessage request, CancellationToken cancellationToken)
   at Microsoft.Azure.Cosmos.Handlers.TransportHandler.SendAsync(RequestMessage request, CancellationToken cancellationToken)
--- Cosmos Diagnostics ---{"Summary":{"DirectCalls":{"(400, 1001)":1}},"name":"UpsertItemAsync","start datetime":"2024-08-06T08:24:23.543Z","duration in milliseconds":896.3616,"data":{"Client Configuration":{"Client Created Time Utc":"2024-08-06T08:22:49.9146673Z","MachineId":"hashedMachineName:efe532e9-0cfc-8897-6dc5-203608e2771d","NumberOfClientsCreated":1,"NumberOfActiveClients":1,"ConnectionMode":"Direct","User Agent":"cosmos-netstandard-sdk/3.35.4|1|X64|Microsoft Windows 10.0.22631|.NET 8.0.6|N|","ConnectionConfig":{"gw":"(cps:50, urto:6, p:False, httpf: False)","rntbd":"(cto: 5, icto: -1, mrpc: 30, mcpe: 65535, erd: True, pr: ReuseUnicastPort)","other":"(ed:False, be:False)"},"ConsistencyConfig":"(consistency: NotSet, prgns:[], apprgn: )","ProcessorCount":12}},"children":[{"name":"ItemSerialize","duration in milliseconds":2.2505},{"name":"Microsoft.Azure.Cosmos.Handlers.RequestInvokerHandler","duration in milliseconds":884.7611,"children":[{"name":"Microsoft.Azure.Cosmos.Handlers.DiagnosticsHandler","duration in milliseconds":882.8134,"data":{"System Info":{"systemHistory":[{"dateUtc":"2024-08-06T08:23:30.7199451Z","cpu":2.732,"memory":10430440.000,"threadInfo":{"isThreadStarving":"False","threadWaitIntervalInMs":0.2385,"availableThreads":32766,"minThreads":12,"maxThreads":32767},"numberOfOpenTcpConnection":1},{"dateUtc":"2024-08-06T08:23:40.7352442Z","cpu":2.874,"memory":10454912.000,"threadInfo":{"isThreadStarving":"False","threadWaitIntervalInMs":0.4467,"availableThreads":32766,"minThreads":12,"maxThreads":32767},"numberOfOpenTcpConnection":1},{"dateUtc":"2024-08-06T08:23:50.7430815Z","cpu":4.719,"memory":10420680.000,"threadInfo":{"isThreadStarving":"False","threadWaitIntervalInMs":0.0763,"availableThreads":32766,"minThreads":12,"maxThreads":32767},"numberOfOpenTcpConnection":1},{"dateUtc":"2024-08-06T08:24:00.7580275Z","cpu":8.220,"memory":10493608.000,"threadInfo":{"isThreadStarving":"False","threadWaitIntervalInMs":0.0394,"availableThreads":32766,"minThreads":12,"maxThreads":32767},"numberOfOpenTcpConnection":1},{"dateUtc":"2024-08-06T08:24:10.7602758Z","cpu":7.677,"memory":10413992.000,"threadInfo":{"isThreadStarving":"False","threadWaitIntervalInMs":0.1104,"availableThreads":32766,"minThreads":12,"maxThreads":32767},"numberOfOpenTcpConnection":1},{"dateUtc":"2024-08-06T08:24:20.7741561Z","cpu":5.985,"memory":10401868.000,"threadInfo":{"isThreadStarving":"False","threadWaitIntervalInMs":0.0696,"availableThreads":32766,"minThreads":12,"maxThreads":32767},"numberOfOpenTcpConnection":1}]}},"children":[{"name":"Microsoft.Azure.Cosmos.Handlers.RetryHandler","duration in milliseconds":882.8001,"children":[{"name":"Microsoft.Azure.Cosmos.Handlers.RouterHandler","duration in milliseconds":877.9737,"children":[{"name":"Microsoft.Azure.Cosmos.Handlers.TransportHandler","duration in milliseconds":877.9676,"children":[{"name":"Microsoft.Azure.Documents.ServerStoreModel Transport Request","duration in milliseconds":845.346,"data":{"Client Side Request Stats":{"Id":"AggregatedClientSideRequestStatistics","ContactedReplicas":[{"Count":1,"Uri":"rntbd://cdb-ms-prod-uksouth1-be34.documents.azure.com:14384/apps/e42bb9c6-0177-4978-bb1d-49cf68216bd1/services/38040a96-a016-405b-98d0-795bd56d8c43/partitions/dc004c23-ea4e-4c46-988a-3554238939b4/replicas/133669415420594685p"},{"Count":1,"Uri":"rntbd://cdb-ms-prod-uksouth1-be34.documents.azure.com:14090/apps/e42bb9c6-0177-4978-bb1d-49cf68216bd1/services/38040a96-a016-405b-98d0-795bd56d8c43/partitions/dc004c23-ea4e-4c46-988a-3554238939b4/replicas/133669306087198217s"},{"Count":1,"Uri":"rntbd://cdb-ms-prod-uksouth1-be34.documents.azure.com:14356/apps/e42bb9c6-0177-4978-bb1d-49cf68216bd1/services/38040a96-a016-405b-98d0-795bd56d8c43/partitions/dc004c23-ea4e-4c46-988a-3554238939b4/replicas/133668976743960791s"},{"Count":1,"Uri":"rntbd://cdb-ms-prod-uksouth1-be34.documents.azure.com:14466/apps/e42bb9c6-0177-4978-bb1d-49cf68216bd1/services/38040a96-a016-405b-98d0-795bd56d8c43/partitions/dc004c23-ea4e-4c46-988a-3554238939b4/replicas/133668606064016194s"}],"RegionsContacted":[],"FailedReplicas":[],"AddressResolutionStatistics":[],"StoreResponseStatistics":[{"ResponseTimeUTC":"2024-08-06T08:24:24.3966999Z","ResourceType":"Document","OperationType":"Upsert","LocationEndpoint":"https://swiftpos-uksouth.documents.azure.com/","StoreResult":{"ActivityId":"c4021923-bde4-48d3-bc3d-f4ede7c2ec15","StatusCode":"StartingErrorCode","SubStatusCode":"PartitionKeyMismatch","LSN":13,"PartitionKeyRangeId":"0","GlobalCommittedLSN":13,"ItemLSN":-1,"UsingLocalLSN":false,"QuorumAckedLSN":13,"SessionToken":"-1#13","CurrentWriteQuorum":3,"CurrentReplicaSetSize":4,"NumberOfReadRegions":0,"IsValid":true,"StorePhysicalAddress":"rntbd://cdb-ms-prod-uksouth1-be34.documents.azure.com:14384/apps/e42bb9c6-0177-4978-bb1d-49cf68216bd1/services/38040a96-a016-405b-98d0-795bd56d8c43/partitions/dc004c23-ea4e-4c46-988a-3554238939b4/replicas/133669415420594685p","RequestCharge":1.24,"RetryAfterInMs":null,"BELatencyInMs":"0.724","ReplicaHealthStatuses":["(port: 14384 | status: Connected | lkt: 06/08/2024 8:24:24 am)"],"transportRequestTimeline":{"requestTimeline":[{"event": "Created", "startTimeUtc": "2024-08-06T08:24:23.5632942Z", "durationInMs": 0.0306},{"event": "ChannelAcquisitionStarted", "startTimeUtc": "2024-08-06T08:24:23.5633248Z", "durationInMs": 660.6427},{"event": "Pipelined", "startTimeUtc": "2024-08-06T08:24:24.2239675Z", "durationInMs": 0.476},{"event": "Transit Time", "startTimeUtc": "2024-08-06T08:24:24.2244435Z", "durationInMs": 161.5005},{"event": "Received", "startTimeUtc": "2024-08-06T08:24:24.3859440Z", "durationInMs": 0.9293},{"event": "Completed", "startTimeUtc": "2024-08-06T08:24:24.3868733Z", "durationInMs": 0}],"serviceEndpointStats":{"inflightRequests":1,"openConnections":1},"connectionStats":{"waitforConnectionInit":"True","callsPendingReceive":0,"lastSendAttempt":"2024-08-06T08:24:24.0619353Z","lastSend":"2024-08-06T08:24:24.0620908Z","lastReceive":"2024-08-06T08:24:24.2204766Z"},"requestSizeInBytes":646,"requestBodySizeInBytes":203,"responseMetadataSizeInBytes":225,"responseBodySizeInBytes":166},"TransportException":null}}]},"Point Operation Statistics":{"Id":"PointOperationStatistics","ActivityId":"c4021923-bde4-48d3-bc3d-f4ede7c2ec15","ResponseTimeUtc":"2024-08-06T08:24:24.4324289Z","StatusCode":400,"SubStatusCode":1001,"RequestCharge":1.24,"RequestUri":"dbs/swiftpos/colls/User","ErrorMessage":"Microsoft.Azure.Documents.BadRequestException: Message: {\"Errors\":[\"PartitionKey extracted from document doesn't match the one specified in the header. Learn more: https:\\/\\/aka.ms\\/CosmosDB\\/sql\\/errors\\/wrong-pk-value\"]}\r\nActivityId: c4021923-bde4-48d3-bc3d-f4ede7c2ec15, Request URI: /apps/e42bb9c6-0177-4978-bb1d-49cf68216bd1/services/38040a96-a016-405b-98d0-795bd56d8c43/partitions/dc004c23-ea4e-4c46-988a-3554238939b4/replicas/133669415420594685p, RequestStats: Microsoft.Azure.Cosmos.Tracing.TraceData.ClientSideRequestStatisticsTraceDatum, SDK: Windows/10.0.22631 cosmos-netstandard-sdk/3.31.4\r\n   at Microsoft.Azure.Documents.StoreResult.ToResponse(RequestChargeTracker requestChargeTracker)\r\n   at Microsoft.Azure.Documents.ConsistencyWriter.WritePrivateAsync(DocumentServiceRequest request, TimeoutHelper timeout, Boolean forceRefresh)\r\n   at Microsoft.Azure.Documents.BackoffRetryUtility`1.ExecuteRetryAsync[TParam,TPolicy](Func`1 callbackMethod, Func`3 callbackMethodWithParam, Func`2 callbackMethodWithPolicy, TParam param, IRetryPolicy retryPolicy, IRetryPolicy`1 retryPolicyWithArg, Func`1 inBackoffAlternateCallbackMethod, Func`2 inBackoffAlternateCallbackMethodWithPolicy, TimeSpan minBackoffForInBackoffCallback, CancellationToken cancellationToken, Action`1 preRetryCallback)\r\n   at Microsoft.Azure.Documents.ShouldRetryResult.ThrowIfDoneTrying(ExceptionDispatchInfo capturedException)\r\n   at Microsoft.Azure.Documents.BackoffRetryUtility`1.ExecuteRetryAsync[TParam,TPolicy](Func`1 callbackMethod, Func`3 callbackMethodWithParam, Func`2 callbackMethodWithPolicy, TParam param, IRetryPolicy retryPolicy, IRetryPolicy`1 retryPolicyWithArg, Func`1 inBackoffAlternateCallbackMethod, Func`2 inBackoffAlternateCallbackMethodWithPolicy, TimeSpan minBackoffForInBackoffCallback, CancellationToken cancellationToken, Action`1 preRetryCallback)\r\n   at Microsoft.Azure.Documents.ConsistencyWriter.WriteAsync(DocumentServiceRequest entity, TimeoutHelper timeout, Boolean forceRefresh, CancellationToken cancellationToken)\r\n   at Microsoft.Azure.Documents.ReplicatedResourceClient.<>c__DisplayClass31_0.<<InvokeAsync>b__0>d.MoveNext()\r\n--- End of stack trace from previous location ---\r\n   at Microsoft.Azure.Documents.RequestRetryUtility.ProcessRequestAsync[TRequest,IRetriableResponse](Func`1 executeAsync, Func`1 prepareRequest, IRequestRetryPolicy`2 policy, CancellationToken cancellationToken, Func`1 inBackoffAlternateCallbackMethod, Nullable`1 minBackoffForInBackoffCallback)\r\n   at Microsoft.Azure.Documents.ShouldRetryResult.ThrowIfDoneTrying(ExceptionDispatchInfo capturedException)\r\n   at Microsoft.Azure.Documents.RequestRetryUtility.ProcessRequestAsync[TRequest,IRetriableResponse](Func`1 executeAsync, Func`1 prepareRequest, IRequestRetryPolicy`2 policy, CancellationToken cancellationToken, Func`1 inBackoffAlternateCallbackMethod, Nullable`1 minBackoffForInBackoffCallback)\r\n   at Microsoft.Azure.Documents.StoreClient.ProcessMessageAsync(DocumentServiceRequest request, CancellationToken cancellationToken, IRetryPolicy retryPolicy)\r\n   at Microsoft.Azure.Cosmos.Handlers.TransportHandler.ProcessMessageAsync(RequestMessage request, CancellationToken cancellationToken)\r\n   at Microsoft.Azure.Cosmos.Handlers.TransportHandler.SendAsync(RequestMessage request, CancellationToken cancellationToken)","RequestSessionToken":null,"ResponseSessionToken":"0:-1#13","BELatencyInMs":"0.724"}}}]}]}]}]}]}]}
2024-08-06 13:43:56.8350 INFO Application started. Press Ctrl+C to shut down. 
2024-08-06 13:43:56.8553 INFO Hosting environment: Development 
2024-08-06 13:43:56.8553 INFO Content root path: C:\Users\LENOVO\source\repos\SwiftPos\SwiftPos 
2024-08-06 13:48:34.9455 INFO Application started. Press Ctrl+C to shut down. 
2024-08-06 13:48:34.9455 INFO Hosting environment: Development 
2024-08-06 13:48:34.9552 INFO Content root path: C:\Users\LENOVO\source\repos\SwiftPos\SwiftPos 
2024-08-06 13:51:16.6046 INFO Now listening on: https://localhost:7065 
2024-08-06 13:51:16.6211 INFO Now listening on: http://localhost:5259 
2024-08-06 13:51:16.6211 INFO Application started. Press Ctrl+C to shut down. 
2024-08-06 13:51:16.6211 INFO Hosting environment: Development 
2024-08-06 13:51:16.6211 INFO Content root path: C:\Users\LENOVO\source\repos\SwiftPos\SwiftPos 
2024-08-06 13:53:14.8621 INFO Now listening on: https://localhost:7065 
2024-08-06 13:53:14.8621 INFO Now listening on: http://localhost:5259 
2024-08-06 13:53:14.8621 INFO Application started. Press Ctrl+C to shut down. 
2024-08-06 13:53:14.8621 INFO Hosting environment: Development 
2024-08-06 13:53:14.8621 INFO Content root path: C:\Users\LENOVO\source\repos\SwiftPos\SwiftPos 
2024-08-06 13:57:58.1401 INFO Application started. Press Ctrl+C to shut down. 
2024-08-06 13:57:58.1547 INFO Hosting environment: Development 
2024-08-06 13:57:58.1547 INFO Content root path: C:\Users\LENOVO\source\repos\SwiftPos\SwiftPos 
2024-08-06 13:58:08.5998 INFO User Details: Id=602d6f2c-d392-47b0-aa9a-9cf563ca7d17, Name=inzamam, Role=Admin 
2024-08-06 15:05:58.1504 INFO Application started. Press Ctrl+C to shut down. 
2024-08-06 15:05:58.1817 INFO Hosting environment: Development 
2024-08-06 15:05:58.1817 INFO Content root path: C:\Users\LENOVO\source\repos\SwiftPos\SwiftPos 
2024-08-06 15:12:56.7916 INFO User Details: Id=602d6f2c-d392-47b0-aa9a-9cf563ca7d17, Name=inzamam, Role=Admin 
2024-08-06 15:13:24.7103 ERROR An unhandled exception has occurred. System.InvalidOperationException: Unable to resolve service for type 'SwiftPos.Services.CategoryService.CategoryService' while attempting to activate 'SwiftPos.Controllers.CategoryController'.
   at Microsoft.Extensions.DependencyInjection.ActivatorUtilities.ThrowHelperUnableToResolveService(Type type, Type requiredBy)
   at lambda_method260(Closure, IServiceProvider, Object[])
   at Microsoft.AspNetCore.Mvc.Controllers.ControllerFactoryProvider.<>c__DisplayClass6_0.<CreateControllerFactory>g__CreateController|0(ControllerContext controllerContext)
   at Microsoft.AspNetCore.Mvc.Infrastructure.ControllerActionInvoker.Next(State& next, Scope& scope, Object& state, Boolean& isCompleted)
   at Microsoft.AspNetCore.Mvc.Infrastructure.ControllerActionInvoker.InvokeInnerFilterAsync()
--- End of stack trace from previous location ---
   at Microsoft.AspNetCore.Mvc.Infrastructure.ResourceInvoker.<InvokeFilterPipelineAsync>g__Awaited|20_0(ResourceInvoker invoker, Task lastTask, State next, Scope scope, Object state, Boolean isCompleted)
   at Microsoft.AspNetCore.Mvc.Infrastructure.ResourceInvoker.<InvokeAsync>g__Awaited|17_0(ResourceInvoker invoker, Task task, IDisposable scope)
   at Microsoft.AspNetCore.Mvc.Infrastructure.ResourceInvoker.<InvokeAsync>g__Awaited|17_0(ResourceInvoker invoker, Task task, IDisposable scope)
   at Microsoft.AspNetCore.Authorization.AuthorizationMiddleware.Invoke(HttpContext context)
   at Microsoft.AspNetCore.Authentication.AuthenticationMiddleware.Invoke(HttpContext context)
   at SwiftPos.Middleware.ExceptionHandlingMiddleware.InvokeAsync(HttpContext context) in C:\Users\LENOVO\source\repos\SwiftPos\SwiftPos.Middleware\ExceptionHandlingMiddleware.cs:line 27
2024-08-06 15:41:09.2928 INFO Now listening on: https://localhost:7065 
2024-08-06 15:41:09.3029 INFO Now listening on: http://localhost:5259 
2024-08-06 15:41:09.3029 INFO Application started. Press Ctrl+C to shut down. 
2024-08-06 15:41:09.3029 INFO Hosting environment: Development 
2024-08-06 15:41:09.3029 INFO Content root path: C:\Users\LENOVO\source\repos\SwiftPos\SwiftPos 
2024-08-06 15:42:01.3168 ERROR An unhandled exception has occurred. System.InvalidOperationException: Unable to resolve service for type 'SwiftPos.Services.CategoryService.CategoryService' while attempting to activate 'SwiftPos.Controllers.CategoryController'.
   at Microsoft.Extensions.DependencyInjection.ActivatorUtilities.ThrowHelperUnableToResolveService(Type type, Type requiredBy)
   at lambda_method39(Closure, IServiceProvider, Object[])
   at Microsoft.AspNetCore.Mvc.Controllers.ControllerFactoryProvider.<>c__DisplayClass6_0.<CreateControllerFactory>g__CreateController|0(ControllerContext controllerContext)
   at Microsoft.AspNetCore.Mvc.Infrastructure.ControllerActionInvoker.Next(State& next, Scope& scope, Object& state, Boolean& isCompleted)
   at Microsoft.AspNetCore.Mvc.Infrastructure.ControllerActionInvoker.InvokeInnerFilterAsync()
--- End of stack trace from previous location ---
   at Microsoft.AspNetCore.Mvc.Infrastructure.ResourceInvoker.<InvokeFilterPipelineAsync>g__Awaited|20_0(ResourceInvoker invoker, Task lastTask, State next, Scope scope, Object state, Boolean isCompleted)
   at Microsoft.AspNetCore.Mvc.Infrastructure.ResourceInvoker.<InvokeAsync>g__Logged|17_1(ResourceInvoker invoker)
   at Microsoft.AspNetCore.Mvc.Infrastructure.ResourceInvoker.<InvokeAsync>g__Logged|17_1(ResourceInvoker invoker)
   at Microsoft.AspNetCore.Authorization.AuthorizationMiddleware.Invoke(HttpContext context)
   at Microsoft.AspNetCore.Authentication.AuthenticationMiddleware.Invoke(HttpContext context)
   at SwiftPos.Middleware.ExceptionHandlingMiddleware.InvokeAsync(HttpContext context) in C:\Users\LENOVO\source\repos\SwiftPos\SwiftPos.Middleware\ExceptionHandlingMiddleware.cs:line 27
2024-08-06 15:43:13.9500 INFO Now listening on: https://localhost:7065 
2024-08-06 15:43:14.0385 INFO Now listening on: http://localhost:5259 
2024-08-06 15:43:14.0488 INFO Application started. Press Ctrl+C to shut down. 
2024-08-06 15:43:14.0488 INFO Hosting environment: Development 
2024-08-06 15:43:14.0488 INFO Content root path: C:\Users\LENOVO\source\repos\SwiftPos\SwiftPos 
2024-08-06 15:43:20.4288 ERROR An unhandled exception has occurred. System.InvalidOperationException: Unable to resolve service for type 'SwiftPos.Services.CategoryService.CategoryService' while attempting to activate 'SwiftPos.Controllers.CategoryController'.
   at Microsoft.Extensions.DependencyInjection.ActivatorUtilities.ThrowHelperUnableToResolveService(Type type, Type requiredBy)
   at lambda_method39(Closure, IServiceProvider, Object[])
   at Microsoft.AspNetCore.Mvc.Controllers.ControllerFactoryProvider.<>c__DisplayClass6_0.<CreateControllerFactory>g__CreateController|0(ControllerContext controllerContext)
   at Microsoft.AspNetCore.Mvc.Infrastructure.ControllerActionInvoker.Next(State& next, Scope& scope, Object& state, Boolean& isCompleted)
   at Microsoft.AspNetCore.Mvc.Infrastructure.ControllerActionInvoker.InvokeInnerFilterAsync()
--- End of stack trace from previous location ---
   at Microsoft.AspNetCore.Mvc.Infrastructure.ResourceInvoker.<InvokeFilterPipelineAsync>g__Awaited|20_0(ResourceInvoker invoker, Task lastTask, State next, Scope scope, Object state, Boolean isCompleted)
   at Microsoft.AspNetCore.Mvc.Infrastructure.ResourceInvoker.<InvokeAsync>g__Logged|17_1(ResourceInvoker invoker)
   at Microsoft.AspNetCore.Mvc.Infrastructure.ResourceInvoker.<InvokeAsync>g__Logged|17_1(ResourceInvoker invoker)
   at Microsoft.AspNetCore.Authorization.AuthorizationMiddleware.Invoke(HttpContext context)
   at Microsoft.AspNetCore.Authentication.AuthenticationMiddleware.Invoke(HttpContext context)
   at SwiftPos.Middleware.ExceptionHandlingMiddleware.InvokeAsync(HttpContext context) in C:\Users\LENOVO\source\repos\SwiftPos\SwiftPos.Middleware\ExceptionHandlingMiddleware.cs:line 27
2024-08-06 15:46:44.5290 INFO Now listening on: https://localhost:7065 
2024-08-06 15:46:45.3363 INFO Now listening on: http://localhost:5259 
2024-08-06 15:46:45.3363 INFO Application started. Press Ctrl+C to shut down. 
2024-08-06 15:46:45.3363 INFO Hosting environment: Development 
2024-08-06 15:46:45.3363 INFO Content root path: C:\Users\LENOVO\source\repos\SwiftPos\SwiftPos 
2024-08-06 15:46:57.3297 ERROR An unhandled exception has occurred. System.InvalidOperationException: Unable to resolve service for type 'SwiftPos.Services.CategoryService.CategoryService' while attempting to activate 'SwiftPos.Controllers.CategoryController'.
   at Microsoft.Extensions.DependencyInjection.ActivatorUtilities.ThrowHelperUnableToResolveService(Type type, Type requiredBy)
   at lambda_method39(Closure, IServiceProvider, Object[])
   at Microsoft.AspNetCore.Mvc.Controllers.ControllerFactoryProvider.<>c__DisplayClass6_0.<CreateControllerFactory>g__CreateController|0(ControllerContext controllerContext)
   at Microsoft.AspNetCore.Mvc.Infrastructure.ControllerActionInvoker.Next(State& next, Scope& scope, Object& state, Boolean& isCompleted)
   at Microsoft.AspNetCore.Mvc.Infrastructure.ControllerActionInvoker.InvokeInnerFilterAsync()
--- End of stack trace from previous location ---
   at Microsoft.AspNetCore.Mvc.Infrastructure.ResourceInvoker.<InvokeFilterPipelineAsync>g__Awaited|20_0(ResourceInvoker invoker, Task lastTask, State next, Scope scope, Object state, Boolean isCompleted)
   at Microsoft.AspNetCore.Mvc.Infrastructure.ResourceInvoker.<InvokeAsync>g__Logged|17_1(ResourceInvoker invoker)
   at Microsoft.AspNetCore.Mvc.Infrastructure.ResourceInvoker.<InvokeAsync>g__Logged|17_1(ResourceInvoker invoker)
   at Microsoft.AspNetCore.Authorization.AuthorizationMiddleware.Invoke(HttpContext context)
   at Microsoft.AspNetCore.Authentication.AuthenticationMiddleware.Invoke(HttpContext context)
   at SwiftPos.Middleware.ExceptionHandlingMiddleware.InvokeAsync(HttpContext context) in C:\Users\LENOVO\source\repos\SwiftPos\SwiftPos.Middleware\ExceptionHandlingMiddleware.cs:line 27
2024-08-06 15:47:29.7606 INFO Now listening on: https://localhost:7065 
2024-08-06 15:47:29.7704 INFO Now listening on: http://localhost:5259 
2024-08-06 15:47:29.7704 INFO Application started. Press Ctrl+C to shut down. 
2024-08-06 15:47:29.7704 INFO Hosting environment: Development 
2024-08-06 15:47:29.7704 INFO Content root path: C:\Users\LENOVO\source\repos\SwiftPos\SwiftPos 
2024-08-06 15:48:48.1876 ERROR An unhandled exception has occurred. System.InvalidOperationException: Unable to resolve service for type 'SwiftPos.Services.CategoryService.CategoryService' while attempting to activate 'SwiftPos.Controllers.CategoryController'.
   at Microsoft.Extensions.DependencyInjection.ActivatorUtilities.ThrowHelperUnableToResolveService(Type type, Type requiredBy)
   at lambda_method39(Closure, IServiceProvider, Object[])
   at Microsoft.AspNetCore.Mvc.Controllers.ControllerFactoryProvider.<>c__DisplayClass6_0.<CreateControllerFactory>g__CreateController|0(ControllerContext controllerContext)
   at Microsoft.AspNetCore.Mvc.Infrastructure.ControllerActionInvoker.Next(State& next, Scope& scope, Object& state, Boolean& isCompleted)
   at Microsoft.AspNetCore.Mvc.Infrastructure.ControllerActionInvoker.InvokeInnerFilterAsync()
--- End of stack trace from previous location ---
   at Microsoft.AspNetCore.Mvc.Infrastructure.ResourceInvoker.<InvokeFilterPipelineAsync>g__Awaited|20_0(ResourceInvoker invoker, Task lastTask, State next, Scope scope, Object state, Boolean isCompleted)
   at Microsoft.AspNetCore.Mvc.Infrastructure.ResourceInvoker.<InvokeAsync>g__Logged|17_1(ResourceInvoker invoker)
   at Microsoft.AspNetCore.Mvc.Infrastructure.ResourceInvoker.<InvokeAsync>g__Logged|17_1(ResourceInvoker invoker)
   at Microsoft.AspNetCore.Authorization.AuthorizationMiddleware.Invoke(HttpContext context)
   at Microsoft.AspNetCore.Authentication.AuthenticationMiddleware.Invoke(HttpContext context)
   at SwiftPos.Middleware.ExceptionHandlingMiddleware.InvokeAsync(HttpContext context) in C:\Users\LENOVO\source\repos\SwiftPos\SwiftPos.Middleware\ExceptionHandlingMiddleware.cs:line 27
2024-08-06 15:50:41.0206 INFO Now listening on: https://localhost:7065 
2024-08-06 15:50:41.0786 INFO Now listening on: http://localhost:5259 
2024-08-06 15:50:41.0832 INFO Application started. Press Ctrl+C to shut down. 
2024-08-06 15:50:41.0832 INFO Hosting environment: Development 
2024-08-06 15:50:41.0832 INFO Content root path: C:\Users\LENOVO\source\repos\SwiftPos\SwiftPos 
2024-08-06 15:51:07.9414 ERROR An unhandled exception has occurred. System.InvalidOperationException: Unable to resolve service for type 'SwiftPos.Services.CategoryService.CategoryService' while attempting to activate 'SwiftPos.Controllers.CategoryController'.
   at Microsoft.Extensions.DependencyInjection.ActivatorUtilities.ThrowHelperUnableToResolveService(Type type, Type requiredBy)
   at lambda_method39(Closure, IServiceProvider, Object[])
   at Microsoft.AspNetCore.Mvc.Controllers.ControllerFactoryProvider.<>c__DisplayClass6_0.<CreateControllerFactory>g__CreateController|0(ControllerContext controllerContext)
   at Microsoft.AspNetCore.Mvc.Infrastructure.ControllerActionInvoker.Next(State& next, Scope& scope, Object& state, Boolean& isCompleted)
   at Microsoft.AspNetCore.Mvc.Infrastructure.ControllerActionInvoker.InvokeInnerFilterAsync()
--- End of stack trace from previous location ---
   at Microsoft.AspNetCore.Mvc.Infrastructure.ResourceInvoker.<InvokeFilterPipelineAsync>g__Awaited|20_0(ResourceInvoker invoker, Task lastTask, State next, Scope scope, Object state, Boolean isCompleted)
   at Microsoft.AspNetCore.Mvc.Infrastructure.ResourceInvoker.<InvokeAsync>g__Logged|17_1(ResourceInvoker invoker)
   at Microsoft.AspNetCore.Mvc.Infrastructure.ResourceInvoker.<InvokeAsync>g__Logged|17_1(ResourceInvoker invoker)
   at Microsoft.AspNetCore.Authorization.AuthorizationMiddleware.Invoke(HttpContext context)
   at Microsoft.AspNetCore.Authentication.AuthenticationMiddleware.Invoke(HttpContext context)
   at SwiftPos.Middleware.ExceptionHandlingMiddleware.InvokeAsync(HttpContext context) in C:\Users\LENOVO\source\repos\SwiftPos\SwiftPos.Middleware\ExceptionHandlingMiddleware.cs:line 27
2024-08-06 15:52:09.2828 INFO Now listening on: https://localhost:7065 
2024-08-06 15:52:10.4870 INFO Now listening on: http://localhost:5259 
2024-08-06 15:52:10.4870 INFO Application started. Press Ctrl+C to shut down. 
2024-08-06 15:52:10.4870 INFO Hosting environment: Development 
2024-08-06 15:52:10.4870 INFO Content root path: C:\Users\LENOVO\source\repos\SwiftPos\SwiftPos 
2024-08-06 15:52:15.0252 ERROR An unhandled exception has occurred. System.InvalidOperationException: Unable to resolve service for type 'SwiftPos.Services.CategoryService.CategoryService' while attempting to activate 'SwiftPos.Controllers.CategoryController'.
   at Microsoft.Extensions.DependencyInjection.ActivatorUtilities.ThrowHelperUnableToResolveService(Type type, Type requiredBy)
   at lambda_method39(Closure, IServiceProvider, Object[])
   at Microsoft.AspNetCore.Mvc.Controllers.ControllerFactoryProvider.<>c__DisplayClass6_0.<CreateControllerFactory>g__CreateController|0(ControllerContext controllerContext)
   at Microsoft.AspNetCore.Mvc.Infrastructure.ControllerActionInvoker.Next(State& next, Scope& scope, Object& state, Boolean& isCompleted)
   at Microsoft.AspNetCore.Mvc.Infrastructure.ControllerActionInvoker.InvokeInnerFilterAsync()
--- End of stack trace from previous location ---
   at Microsoft.AspNetCore.Mvc.Infrastructure.ResourceInvoker.<InvokeFilterPipelineAsync>g__Awaited|20_0(ResourceInvoker invoker, Task lastTask, State next, Scope scope, Object state, Boolean isCompleted)
   at Microsoft.AspNetCore.Mvc.Infrastructure.ResourceInvoker.<InvokeAsync>g__Logged|17_1(ResourceInvoker invoker)
   at Microsoft.AspNetCore.Mvc.Infrastructure.ResourceInvoker.<InvokeAsync>g__Logged|17_1(ResourceInvoker invoker)
   at Microsoft.AspNetCore.Authorization.AuthorizationMiddleware.Invoke(HttpContext context)
   at Microsoft.AspNetCore.Authentication.AuthenticationMiddleware.Invoke(HttpContext context)
   at SwiftPos.Middleware.ExceptionHandlingMiddleware.InvokeAsync(HttpContext context) in C:\Users\LENOVO\source\repos\SwiftPos\SwiftPos.Middleware\ExceptionHandlingMiddleware.cs:line 27
2024-08-06 15:52:20.5557 ERROR An unhandled exception has occurred. System.InvalidOperationException: Unable to resolve service for type 'SwiftPos.Services.CategoryService.CategoryService' while attempting to activate 'SwiftPos.Controllers.CategoryController'.
   at Microsoft.Extensions.DependencyInjection.ActivatorUtilities.ThrowHelperUnableToResolveService(Type type, Type requiredBy)
   at lambda_method39(Closure, IServiceProvider, Object[])
   at Microsoft.AspNetCore.Mvc.Controllers.ControllerFactoryProvider.<>c__DisplayClass6_0.<CreateControllerFactory>g__CreateController|0(ControllerContext controllerContext)
   at Microsoft.AspNetCore.Mvc.Infrastructure.ControllerActionInvoker.Next(State& next, Scope& scope, Object& state, Boolean& isCompleted)
   at Microsoft.AspNetCore.Mvc.Infrastructure.ControllerActionInvoker.InvokeInnerFilterAsync()
--- End of stack trace from previous location ---
   at Microsoft.AspNetCore.Mvc.Infrastructure.ResourceInvoker.<InvokeFilterPipelineAsync>g__Awaited|20_0(ResourceInvoker invoker, Task lastTask, State next, Scope scope, Object state, Boolean isCompleted)
   at Microsoft.AspNetCore.Mvc.Infrastructure.ResourceInvoker.<InvokeAsync>g__Logged|17_1(ResourceInvoker invoker)
   at Microsoft.AspNetCore.Mvc.Infrastructure.ResourceInvoker.<InvokeAsync>g__Logged|17_1(ResourceInvoker invoker)
   at Microsoft.AspNetCore.Authorization.AuthorizationMiddleware.Invoke(HttpContext context)
   at Microsoft.AspNetCore.Authentication.AuthenticationMiddleware.Invoke(HttpContext context)
   at SwiftPos.Middleware.ExceptionHandlingMiddleware.InvokeAsync(HttpContext context) in C:\Users\LENOVO\source\repos\SwiftPos\SwiftPos.Middleware\ExceptionHandlingMiddleware.cs:line 27
2024-08-06 15:57:47.0415 INFO Now listening on: https://localhost:7065 
2024-08-06 15:57:47.0534 INFO Now listening on: http://localhost:5259 
2024-08-06 15:57:47.0534 INFO Application started. Press Ctrl+C to shut down. 
2024-08-06 15:57:47.0534 INFO Hosting environment: Development 
2024-08-06 15:57:47.0534 INFO Content root path: C:\Users\LENOVO\source\repos\SwiftPos\SwiftPos 
2024-08-06 15:59:07.8293 INFO Now listening on: https://localhost:7065 
2024-08-06 15:59:07.8454 INFO Now listening on: http://localhost:5259 
2024-08-06 15:59:07.8477 INFO Application started. Press Ctrl+C to shut down. 
2024-08-06 15:59:07.8477 INFO Hosting environment: Development 
2024-08-06 15:59:07.8477 INFO Content root path: C:\Users\LENOVO\source\repos\SwiftPos\SwiftPos 
2024-08-06 15:59:26.3624 INFO Application started. Press Ctrl+C to shut down. 
2024-08-06 15:59:26.3873 INFO Hosting environment: Development 
2024-08-06 15:59:26.3873 INFO Content root path: C:\Users\LENOVO\source\repos\SwiftPos\SwiftPos 
2024-08-06 16:07:11.5523 INFO Now listening on: https://localhost:7065 
2024-08-06 16:07:11.5523 INFO Now listening on: http://localhost:5259 
2024-08-06 16:07:11.5523 INFO Application started. Press Ctrl+C to shut down. 
2024-08-06 16:07:11.5523 INFO Hosting environment: Development 
2024-08-06 16:07:11.5523 INFO Content root path: C:\Users\LENOVO\source\repos\SwiftPos\SwiftPos 
2024-08-06 16:08:04.0877 INFO Now listening on: https://localhost:7065 
2024-08-06 16:08:04.0972 INFO Now listening on: http://localhost:5259 
2024-08-06 16:08:04.0972 INFO Application started. Press Ctrl+C to shut down. 
2024-08-06 16:08:04.0972 INFO Hosting environment: Development 
2024-08-06 16:08:04.0972 INFO Content root path: C:\Users\LENOVO\source\repos\SwiftPos\SwiftPos 
2024-08-06 16:08:39.9565 ERROR An unhandled exception has occurred. Microsoft.Azure.Cosmos.CosmosException : Response status code does not indicate success: BadRequest (400); Substatus: 0; ActivityId: 39066dd6-4001-4b03-96d2-9ae106cdad88; Reason: (Message: {"Errors":["The input content is invalid because the required properties - 'id; ' - are missing. Learn more: https:\/\/aka.ms\/CosmosDB\/sql\/errors\/missing-id"]}
ActivityId: 39066dd6-4001-4b03-96d2-9ae106cdad88, Request URI: /apps/e42bb9c6-0177-4978-bb1d-49cf68216bd1/services/38040a96-a016-405b-98d0-795bd56d8c43/partitions/dc004c23-ea4e-4c46-988a-3554238939b4/replicas/133669415420594685p, RequestStats: Microsoft.Azure.Cosmos.Tracing.TraceData.ClientSideRequestStatisticsTraceDatum, SDK: Windows/10.0.22631 cosmos-netstandard-sdk/3.31.4);
   at Microsoft.Azure.Documents.StoreResult.ToResponse(RequestChargeTracker requestChargeTracker)
   at Microsoft.Azure.Documents.ConsistencyWriter.WritePrivateAsync(DocumentServiceRequest request, TimeoutHelper timeout, Boolean forceRefresh)
   at Microsoft.Azure.Documents.BackoffRetryUtility`1.ExecuteRetryAsync[TParam,TPolicy](Func`1 callbackMethod, Func`3 callbackMethodWithParam, Func`2 callbackMethodWithPolicy, TParam param, IRetryPolicy retryPolicy, IRetryPolicy`1 retryPolicyWithArg, Func`1 inBackoffAlternateCallbackMethod, Func`2 inBackoffAlternateCallbackMethodWithPolicy, TimeSpan minBackoffForInBackoffCallback, CancellationToken cancellationToken, Action`1 preRetryCallback)
   at Microsoft.Azure.Documents.ShouldRetryResult.ThrowIfDoneTrying(ExceptionDispatchInfo capturedException)
   at Microsoft.Azure.Documents.BackoffRetryUtility`1.ExecuteRetryAsync[TParam,TPolicy](Func`1 callbackMethod, Func`3 callbackMethodWithParam, Func`2 callbackMethodWithPolicy, TParam param, IRetryPolicy retryPolicy, IRetryPolicy`1 retryPolicyWithArg, Func`1 inBackoffAlternateCallbackMethod, Func`2 inBackoffAlternateCallbackMethodWithPolicy, TimeSpan minBackoffForInBackoffCallback, CancellationToken cancellationToken, Action`1 preRetryCallback)
   at Microsoft.Azure.Documents.ConsistencyWriter.WriteAsync(DocumentServiceRequest entity, TimeoutHelper timeout, Boolean forceRefresh, CancellationToken cancellationToken)
   at Microsoft.Azure.Documents.ReplicatedResourceClient.<>c__DisplayClass31_0.<<InvokeAsync>b__0>d.MoveNext()
--- End of stack trace from previous location ---
   at Microsoft.Azure.Documents.RequestRetryUtility.ProcessRequestAsync[TRequest,IRetriableResponse](Func`1 executeAsync, Func`1 prepareRequest, IRequestRetryPolicy`2 policy, CancellationToken cancellationToken, Func`1 inBackoffAlternateCallbackMethod, Nullable`1 minBackoffForInBackoffCallback)
   at Microsoft.Azure.Documents.ShouldRetryResult.ThrowIfDoneTrying(ExceptionDispatchInfo capturedException)
   at Microsoft.Azure.Documents.RequestRetryUtility.ProcessRequestAsync[TRequest,IRetriableResponse](Func`1 executeAsync, Func`1 prepareRequest, IRequestRetryPolicy`2 policy, CancellationToken cancellationToken, Func`1 inBackoffAlternateCallbackMethod, Nullable`1 minBackoffForInBackoffCallback)
   at Microsoft.Azure.Documents.StoreClient.ProcessMessageAsync(DocumentServiceRequest request, CancellationToken cancellationToken, IRetryPolicy retryPolicy)
   at Microsoft.Azure.Cosmos.Handlers.TransportHandler.ProcessMessageAsync(RequestMessage request, CancellationToken cancellationToken)
   at Microsoft.Azure.Cosmos.Handlers.TransportHandler.SendAsync(RequestMessage request, CancellationToken cancellationToken)
--- Cosmos Diagnostics ---{"Summary":{"DirectCalls":{"(400, 0)":1},"GatewayCalls":{"(200, 0)":3,"(304, 0)":1}},"name":"CreateItemAsync","start datetime":"2024-08-06T11:08:36.605Z","duration in milliseconds":3344.5225,"data":{"Client Configuration":{"Client Created Time Utc":"2024-08-06T11:08:08.5631450Z","MachineId":"hashedMachineName:efe532e9-0cfc-8897-6dc5-203608e2771d","NumberOfClientsCreated":1,"NumberOfActiveClients":1,"ConnectionMode":"Direct","User Agent":"cosmos-netstandard-sdk/3.35.4|1|X64|Microsoft Windows 10.0.22631|.NET 8.0.6|N|","ConnectionConfig":{"gw":"(cps:50, urto:6, p:False, httpf: False)","rntbd":"(cto: 5, icto: -1, mrpc: 30, mcpe: 65535, erd: True, pr: ReuseUnicastPort)","other":"(ed:False, be:False)"},"ConsistencyConfig":"(consistency: NotSet, prgns:[], apprgn: )","ProcessorCount":12}},"children":[{"name":"ItemSerialize","duration in milliseconds":22.6567},{"name":"Microsoft.Azure.Cosmos.Handlers.RequestInvokerHandler","duration in milliseconds":3296.3575,"children":[{"name":"Waiting for Initialization of client to complete","duration in milliseconds":0.056},{"name":"Microsoft.Azure.Cosmos.Handlers.DiagnosticsHandler","duration in milliseconds":3263.9638,"data":{"System Info":{"systemHistory":[{"dateUtc":"2024-08-06T11:08:09.5300198Z","cpu":1.059,"memory":9107036.000,"threadInfo":{"isThreadStarving":"no info","availableThreads":32765,"minThreads":12,"maxThreads":32767},"numberOfOpenTcpConnection":0},{"dateUtc":"2024-08-06T11:08:19.5788885Z","cpu":7.440,"memory":9165124.000,"threadInfo":{"isThreadStarving":"False","threadWaitIntervalInMs":0.3909,"availableThreads":32766,"minThreads":12,"maxThreads":32767},"numberOfOpenTcpConnection":0},{"dateUtc":"2024-08-06T11:08:29.5888383Z","cpu":2.848,"memory":9167936.000,"threadInfo":{"isThreadStarving":"False","threadWaitIntervalInMs":0.0792,"availableThreads":32766,"minThreads":12,"maxThreads":32767},"numberOfOpenTcpConnection":0},{"dateUtc":"2024-08-06T11:08:39.6012291Z","cpu":3.135,"memory":9154536.000,"threadInfo":{"isThreadStarving":"False","threadWaitIntervalInMs":0.1013,"availableThreads":32766,"minThreads":12,"maxThreads":32767},"numberOfOpenTcpConnection":1}]}},"children":[{"name":"Microsoft.Azure.Cosmos.Handlers.RetryHandler","duration in milliseconds":3261.9439,"children":[{"name":"Microsoft.Azure.Cosmos.Handlers.RouterHandler","duration in milliseconds":3249.9326,"children":[{"name":"Microsoft.Azure.Cosmos.Handlers.TransportHandler","duration in milliseconds":3248.6481,"children":[{"name":"Microsoft.Azure.Documents.ServerStoreModel Transport Request","duration in milliseconds":3214.3064,"data":{"Client Side Request Stats":{"Id":"AggregatedClientSideRequestStatistics","ContactedReplicas":[{"Count":1,"Uri":"rntbd://cdb-ms-prod-uksouth1-be34.documents.azure.com:14384/apps/e42bb9c6-0177-4978-bb1d-49cf68216bd1/services/38040a96-a016-405b-98d0-795bd56d8c43/partitions/dc004c23-ea4e-4c46-988a-3554238939b4/replicas/133669415420594685p"},{"Count":1,"Uri":"rntbd://cdb-ms-prod-uksouth1-be34.documents.azure.com:14090/apps/e42bb9c6-0177-4978-bb1d-49cf68216bd1/services/38040a96-a016-405b-98d0-795bd56d8c43/partitions/dc004c23-ea4e-4c46-988a-3554238939b4/replicas/133669306087198217s"},{"Count":1,"Uri":"rntbd://cdb-ms-prod-uksouth1-be34.documents.azure.com:14356/apps/e42bb9c6-0177-4978-bb1d-49cf68216bd1/services/38040a96-a016-405b-98d0-795bd56d8c43/partitions/dc004c23-ea4e-4c46-988a-3554238939b4/replicas/133668976743960791s"},{"Count":1,"Uri":"rntbd://cdb-ms-prod-uksouth1-be34.documents.azure.com:14466/apps/e42bb9c6-0177-4978-bb1d-49cf68216bd1/services/38040a96-a016-405b-98d0-795bd56d8c43/partitions/dc004c23-ea4e-4c46-988a-3554238939b4/replicas/133668606064016194s"}],"RegionsContacted":[],"FailedReplicas":[],"AddressResolutionStatistics":[{"StartTimeUTC":"2024-08-06T11:08:38.2494849Z","EndTimeUTC":"2024-08-06T11:08:38.5145645Z","TargetEndpoint":"https://swiftpos-uksouth.documents.azure.com//addresses/?$resolveFor=dbs%2fPfQRAA%3d%3d%2fcolls%2fPfQRAPvzrqg%3d%2fdocs&$filter=protocol eq rntbd&$partitionKeyRangeIds=0"}],"StoreResponseStatistics":[{"ResponseTimeUTC":"2024-08-06T11:08:39.8965608Z","ResourceType":"Document","OperationType":"Create","LocationEndpoint":"https://swiftpos-uksouth.documents.azure.com/","StoreResult":{"ActivityId":"39066dd6-4001-4b03-96d2-9ae106cdad88","StatusCode":"StartingErrorCode","SubStatusCode":"Unknown","LSN":21,"PartitionKeyRangeId":"0","GlobalCommittedLSN":21,"ItemLSN":-1,"UsingLocalLSN":false,"QuorumAckedLSN":21,"SessionToken":"-1#21","CurrentWriteQuorum":3,"CurrentReplicaSetSize":4,"NumberOfReadRegions":0,"IsValid":true,"StorePhysicalAddress":"rntbd://cdb-ms-prod-uksouth1-be34.documents.azure.com:14384/apps/e42bb9c6-0177-4978-bb1d-49cf68216bd1/services/38040a96-a016-405b-98d0-795bd56d8c43/partitions/dc004c23-ea4e-4c46-988a-3554238939b4/replicas/133669415420594685p","RequestCharge":1.24,"RetryAfterInMs":null,"BELatencyInMs":"0.898","ReplicaHealthStatuses":["(port: 14384 | status: Connected | lkt: 06/08/2024 11:08:39 am)"],"transportRequestTimeline":{"requestTimeline":[{"event": "Created", "startTimeUtc": "2024-08-06T11:08:38.5436407Z", "durationInMs": 4.8522},{"event": "ChannelAcquisitionStarted", "startTimeUtc": "2024-08-06T11:08:38.5484929Z", "durationInMs": 1008.5708},{"event": "Pipelined", "startTimeUtc": "2024-08-06T11:08:39.5570637Z", "durationInMs": 32.7336},{"event": "Transit Time", "startTimeUtc": "2024-08-06T11:08:39.5897973Z", "durationInMs": 260.1723},{"event": "Received", "startTimeUtc": "2024-08-06T11:08:39.8499696Z", "durationInMs": 8.2613},{"event": "Completed", "startTimeUtc": "2024-08-06T11:08:39.8582309Z", "durationInMs": 0}],"serviceEndpointStats":{"inflightRequests":1,"openConnections":1},"connectionStats":{"waitforConnectionInit":"True","callsPendingReceive":0,"lastSendAttempt":"2024-08-06T11:08:39.3520094Z","lastSend":"2024-08-06T11:08:39.3530764Z","lastReceive":"2024-08-06T11:08:39.5504061Z"},"requestSizeInBytes":540,"requestBodySizeInBytes":87,"responseMetadataSizeInBytes":218,"responseBodySizeInBytes":163},"TransportException":null}}],"HttpResponseStats":[{"StartTimeUTC":"2024-08-06T11:08:36.7676103Z","DurationInMs":925.5934,"RequestUri":"https://swiftpos-uksouth.documents.azure.com/dbs/swiftpos/colls/Category","ResourceType":"Collection","HttpMethod":"GET","ActivityId":"a648b288-cb47-4239-820a-b034e5ade405","StatusCode":"OK"},{"StartTimeUTC":"2024-08-06T11:08:37.7734460Z","DurationInMs":225.8427,"RequestUri":"https://swiftpos-uksouth.documents.azure.com/dbs/PfQRAA==/colls/PfQRAPvzrqg=/pkranges","ResourceType":"PartitionKeyRange","HttpMethod":"GET","ActivityId":"2409f389-27ca-43af-b421-c31b8465c1cd","StatusCode":"OK"},{"StartTimeUTC":"2024-08-06T11:08:38.0199896Z","DurationInMs":184.97,"RequestUri":"https://swiftpos-uksouth.documents.azure.com/dbs/PfQRAA==/colls/PfQRAPvzrqg=/pkranges","ResourceType":"PartitionKeyRange","HttpMethod":"GET","ActivityId":"506a90a8-b7cb-4a6f-ae0c-d2d99ac0f387","StatusCode":"NotModified","ReasonPhrase":"Not Modified"},{"StartTimeUTC":"2024-08-06T11:08:38.2513899Z","DurationInMs":260.8472,"RequestUri":"https://swiftpos-uksouth.documents.azure.com//addresses/?$resolveFor=dbs%2fPfQRAA%3d%3d%2fcolls%2fPfQRAPvzrqg%3d%2fdocs&$filter=protocol eq rntbd&$partitionKeyRangeIds=0","ResourceType":"Document","HttpMethod":"GET","ActivityId":"39066dd6-4001-4b03-96d2-9ae106cdad88","StatusCode":"OK"}]},"Point Operation Statistics":{"Id":"PointOperationStatistics","ActivityId":"39066dd6-4001-4b03-96d2-9ae106cdad88","ResponseTimeUtc":"2024-08-06T11:08:39.9311982Z","StatusCode":400,"SubStatusCode":0,"RequestCharge":1.24,"RequestUri":"dbs/swiftpos/colls/Category","ErrorMessage":"Microsoft.Azure.Documents.BadRequestException: Message: {\"Errors\":[\"The input content is invalid because the required properties - 'id; ' - are missing. Learn more: https:\\/\\/aka.ms\\/CosmosDB\\/sql\\/errors\\/missing-id\"]}\r\nActivityId: 39066dd6-4001-4b03-96d2-9ae106cdad88, Request URI: /apps/e42bb9c6-0177-4978-bb1d-49cf68216bd1/services/38040a96-a016-405b-98d0-795bd56d8c43/partitions/dc004c23-ea4e-4c46-988a-3554238939b4/replicas/133669415420594685p, RequestStats: Microsoft.Azure.Cosmos.Tracing.TraceData.ClientSideRequestStatisticsTraceDatum, SDK: Windows/10.0.22631 cosmos-netstandard-sdk/3.31.4\r\n   at Microsoft.Azure.Documents.StoreResult.ToResponse(RequestChargeTracker requestChargeTracker)\r\n   at Microsoft.Azure.Documents.ConsistencyWriter.WritePrivateAsync(DocumentServiceRequest request, TimeoutHelper timeout, Boolean forceRefresh)\r\n   at Microsoft.Azure.Documents.BackoffRetryUtility`1.ExecuteRetryAsync[TParam,TPolicy](Func`1 callbackMethod, Func`3 callbackMethodWithParam, Func`2 callbackMethodWithPolicy, TParam param, IRetryPolicy retryPolicy, IRetryPolicy`1 retryPolicyWithArg, Func`1 inBackoffAlternateCallbackMethod, Func`2 inBackoffAlternateCallbackMethodWithPolicy, TimeSpan minBackoffForInBackoffCallback, CancellationToken cancellationToken, Action`1 preRetryCallback)\r\n   at Microsoft.Azure.Documents.ShouldRetryResult.ThrowIfDoneTrying(ExceptionDispatchInfo capturedException)\r\n   at Microsoft.Azure.Documents.BackoffRetryUtility`1.ExecuteRetryAsync[TParam,TPolicy](Func`1 callbackMethod, Func`3 callbackMethodWithParam, Func`2 callbackMethodWithPolicy, TParam param, IRetryPolicy retryPolicy, IRetryPolicy`1 retryPolicyWithArg, Func`1 inBackoffAlternateCallbackMethod, Func`2 inBackoffAlternateCallbackMethodWithPolicy, TimeSpan minBackoffForInBackoffCallback, CancellationToken cancellationToken, Action`1 preRetryCallback)\r\n   at Microsoft.Azure.Documents.ConsistencyWriter.WriteAsync(DocumentServiceRequest entity, TimeoutHelper timeout, Boolean forceRefresh, CancellationToken cancellationToken)\r\n   at Microsoft.Azure.Documents.ReplicatedResourceClient.<>c__DisplayClass31_0.<<InvokeAsync>b__0>d.MoveNext()\r\n--- End of stack trace from previous location ---\r\n   at Microsoft.Azure.Documents.RequestRetryUtility.ProcessRequestAsync[TRequest,IRetriableResponse](Func`1 executeAsync, Func`1 prepareRequest, IRequestRetryPolicy`2 policy, CancellationToken cancellationToken, Func`1 inBackoffAlternateCallbackMethod, Nullable`1 minBackoffForInBackoffCallback)\r\n   at Microsoft.Azure.Documents.ShouldRetryResult.ThrowIfDoneTrying(ExceptionDispatchInfo capturedException)\r\n   at Microsoft.Azure.Documents.RequestRetryUtility.ProcessRequestAsync[TRequest,IRetriableResponse](Func`1 executeAsync, Func`1 prepareRequest, IRequestRetryPolicy`2 policy, CancellationToken cancellationToken, Func`1 inBackoffAlternateCallbackMethod, Nullable`1 minBackoffForInBackoffCallback)\r\n   at Microsoft.Azure.Documents.StoreClient.ProcessMessageAsync(DocumentServiceRequest request, CancellationToken cancellationToken, IRetryPolicy retryPolicy)\r\n   at Microsoft.Azure.Cosmos.Handlers.TransportHandler.ProcessMessageAsync(RequestMessage request, CancellationToken cancellationToken)\r\n   at Microsoft.Azure.Cosmos.Handlers.TransportHandler.SendAsync(RequestMessage request, CancellationToken cancellationToken)","RequestSessionToken":null,"ResponseSessionToken":"0:-1#21","BELatencyInMs":"0.898"}}}]}]}]}]}]}]}
2024-08-06 16:09:07.2037 INFO Now listening on: https://localhost:7065 
2024-08-06 16:09:07.2170 INFO Now listening on: http://localhost:5259 
2024-08-06 16:09:07.2170 INFO Application started. Press Ctrl+C to shut down. 
2024-08-06 16:09:07.2170 INFO Hosting environment: Development 
2024-08-06 16:09:07.2170 INFO Content root path: C:\Users\LENOVO\source\repos\SwiftPos\SwiftPos 
2024-08-06 16:09:16.8268 ERROR An unhandled exception has occurred. Microsoft.Azure.Cosmos.CosmosException : Response status code does not indicate success: BadRequest (400); Substatus: 0; ActivityId: e38c9b33-3e24-41a0-967b-391a18e8b2ab; Reason: (Message: {"Errors":["The input content is invalid because the required properties - 'id; ' - are missing. Learn more: https:\/\/aka.ms\/CosmosDB\/sql\/errors\/missing-id"]}
ActivityId: e38c9b33-3e24-41a0-967b-391a18e8b2ab, Request URI: /apps/e42bb9c6-0177-4978-bb1d-49cf68216bd1/services/38040a96-a016-405b-98d0-795bd56d8c43/partitions/dc004c23-ea4e-4c46-988a-3554238939b4/replicas/133669415420594685p, RequestStats: Microsoft.Azure.Cosmos.Tracing.TraceData.ClientSideRequestStatisticsTraceDatum, SDK: Windows/10.0.22631 cosmos-netstandard-sdk/3.31.4);
   at Microsoft.Azure.Documents.StoreResult.ToResponse(RequestChargeTracker requestChargeTracker)
   at Microsoft.Azure.Documents.ConsistencyWriter.WritePrivateAsync(DocumentServiceRequest request, TimeoutHelper timeout, Boolean forceRefresh)
   at Microsoft.Azure.Documents.BackoffRetryUtility`1.ExecuteRetryAsync[TParam,TPolicy](Func`1 callbackMethod, Func`3 callbackMethodWithParam, Func`2 callbackMethodWithPolicy, TParam param, IRetryPolicy retryPolicy, IRetryPolicy`1 retryPolicyWithArg, Func`1 inBackoffAlternateCallbackMethod, Func`2 inBackoffAlternateCallbackMethodWithPolicy, TimeSpan minBackoffForInBackoffCallback, CancellationToken cancellationToken, Action`1 preRetryCallback)
   at Microsoft.Azure.Documents.ShouldRetryResult.ThrowIfDoneTrying(ExceptionDispatchInfo capturedException)
   at Microsoft.Azure.Documents.BackoffRetryUtility`1.ExecuteRetryAsync[TParam,TPolicy](Func`1 callbackMethod, Func`3 callbackMethodWithParam, Func`2 callbackMethodWithPolicy, TParam param, IRetryPolicy retryPolicy, IRetryPolicy`1 retryPolicyWithArg, Func`1 inBackoffAlternateCallbackMethod, Func`2 inBackoffAlternateCallbackMethodWithPolicy, TimeSpan minBackoffForInBackoffCallback, CancellationToken cancellationToken, Action`1 preRetryCallback)
   at Microsoft.Azure.Documents.ConsistencyWriter.WriteAsync(DocumentServiceRequest entity, TimeoutHelper timeout, Boolean forceRefresh, CancellationToken cancellationToken)
   at Microsoft.Azure.Documents.ReplicatedResourceClient.<>c__DisplayClass31_0.<<InvokeAsync>b__0>d.MoveNext()
--- End of stack trace from previous location ---
   at Microsoft.Azure.Documents.RequestRetryUtility.ProcessRequestAsync[TRequest,IRetriableResponse](Func`1 executeAsync, Func`1 prepareRequest, IRequestRetryPolicy`2 policy, CancellationToken cancellationToken, Func`1 inBackoffAlternateCallbackMethod, Nullable`1 minBackoffForInBackoffCallback)
   at Microsoft.Azure.Documents.ShouldRetryResult.ThrowIfDoneTrying(ExceptionDispatchInfo capturedException)
   at Microsoft.Azure.Documents.RequestRetryUtility.ProcessRequestAsync[TRequest,IRetriableResponse](Func`1 executeAsync, Func`1 prepareRequest, IRequestRetryPolicy`2 policy, CancellationToken cancellationToken, Func`1 inBackoffAlternateCallbackMethod, Nullable`1 minBackoffForInBackoffCallback)
   at Microsoft.Azure.Documents.StoreClient.ProcessMessageAsync(DocumentServiceRequest request, CancellationToken cancellationToken, IRetryPolicy retryPolicy)
   at Microsoft.Azure.Cosmos.Handlers.TransportHandler.ProcessMessageAsync(RequestMessage request, CancellationToken cancellationToken)
   at Microsoft.Azure.Cosmos.Handlers.TransportHandler.SendAsync(RequestMessage request, CancellationToken cancellationToken)
--- Cosmos Diagnostics ---{"Summary":{"DirectCalls":{"(400, 0)":1},"GatewayCalls":{"(200, 0)":3,"(304, 0)":1}},"name":"CreateItemAsync","start datetime":"2024-08-06T11:09:12.597Z","duration in milliseconds":4220.667,"data":{"Client Configuration":{"Client Created Time Utc":"2024-08-06T11:09:12.5349294Z","MachineId":"hashedMachineName:efe532e9-0cfc-8897-6dc5-203608e2771d","NumberOfClientsCreated":1,"NumberOfActiveClients":1,"ConnectionMode":"Direct","User Agent":"cosmos-netstandard-sdk/3.35.4|1|X64|Microsoft Windows 10.0.22631|.NET 8.0.6|N|","ConnectionConfig":{"gw":"(cps:50, urto:6, p:False, httpf: False)","rntbd":"(cto: 5, icto: -1, mrpc: 30, mcpe: 65535, erd: True, pr: ReuseUnicastPort)","other":"(ed:False, be:False)"},"ConsistencyConfig":"(consistency: NotSet, prgns:[], apprgn: )","ProcessorCount":12}},"children":[{"name":"ItemSerialize","duration in milliseconds":30.7292},{"name":"Microsoft.Azure.Cosmos.Handlers.RequestInvokerHandler","duration in milliseconds":4165.0058,"children":[{"name":"Waiting for Initialization of client to complete","duration in milliseconds":1206.1758},{"name":"Microsoft.Azure.Cosmos.Handlers.DiagnosticsHandler","duration in milliseconds":2932.8846,"data":{"System Info":{"systemHistory":[{"dateUtc":"2024-08-06T11:09:13.7849263Z","cpu":1.060,"memory":9115896.000,"threadInfo":{"isThreadStarving":"no info","availableThreads":32765,"minThreads":12,"maxThreads":32767},"numberOfOpenTcpConnection":0}]}},"children":[{"name":"Microsoft.Azure.Cosmos.Handlers.RetryHandler","duration in milliseconds":2931.42,"children":[{"name":"Microsoft.Azure.Cosmos.Handlers.RouterHandler","duration in milliseconds":2918.7311,"children":[{"name":"Microsoft.Azure.Cosmos.Handlers.TransportHandler","duration in milliseconds":2917.1765,"children":[{"name":"Microsoft.Azure.Documents.ServerStoreModel Transport Request","duration in milliseconds":2883.168,"data":{"Client Side Request Stats":{"Id":"AggregatedClientSideRequestStatistics","ContactedReplicas":[{"Count":1,"Uri":"rntbd://cdb-ms-prod-uksouth1-be34.documents.azure.com:14384/apps/e42bb9c6-0177-4978-bb1d-49cf68216bd1/services/38040a96-a016-405b-98d0-795bd56d8c43/partitions/dc004c23-ea4e-4c46-988a-3554238939b4/replicas/133669415420594685p"},{"Count":1,"Uri":"rntbd://cdb-ms-prod-uksouth1-be34.documents.azure.com:14090/apps/e42bb9c6-0177-4978-bb1d-49cf68216bd1/services/38040a96-a016-405b-98d0-795bd56d8c43/partitions/dc004c23-ea4e-4c46-988a-3554238939b4/replicas/133669306087198217s"},{"Count":1,"Uri":"rntbd://cdb-ms-prod-uksouth1-be34.documents.azure.com:14356/apps/e42bb9c6-0177-4978-bb1d-49cf68216bd1/services/38040a96-a016-405b-98d0-795bd56d8c43/partitions/dc004c23-ea4e-4c46-988a-3554238939b4/replicas/133668976743960791s"},{"Count":1,"Uri":"rntbd://cdb-ms-prod-uksouth1-be34.documents.azure.com:14466/apps/e42bb9c6-0177-4978-bb1d-49cf68216bd1/services/38040a96-a016-405b-98d0-795bd56d8c43/partitions/dc004c23-ea4e-4c46-988a-3554238939b4/replicas/133668606064016194s"}],"RegionsContacted":[],"FailedReplicas":[],"AddressResolutionStatistics":[{"StartTimeUTC":"2024-08-06T11:09:15.5132640Z","EndTimeUTC":"2024-08-06T11:09:15.6792847Z","TargetEndpoint":"https://swiftpos-uksouth.documents.azure.com//addresses/?$resolveFor=dbs%2fPfQRAA%3d%3d%2fcolls%2fPfQRAPvzrqg%3d%2fdocs&$filter=protocol eq rntbd&$partitionKeyRangeIds=0"}],"StoreResponseStatistics":[{"ResponseTimeUTC":"2024-08-06T11:09:16.7675427Z","ResourceType":"Document","OperationType":"Create","LocationEndpoint":"https://swiftpos-uksouth.documents.azure.com/","StoreResult":{"ActivityId":"e38c9b33-3e24-41a0-967b-391a18e8b2ab","StatusCode":"StartingErrorCode","SubStatusCode":"Unknown","LSN":21,"PartitionKeyRangeId":"0","GlobalCommittedLSN":21,"ItemLSN":-1,"UsingLocalLSN":false,"QuorumAckedLSN":21,"SessionToken":"-1#21","CurrentWriteQuorum":3,"CurrentReplicaSetSize":4,"NumberOfReadRegions":0,"IsValid":true,"StorePhysicalAddress":"rntbd://cdb-ms-prod-uksouth1-be34.documents.azure.com:14384/apps/e42bb9c6-0177-4978-bb1d-49cf68216bd1/services/38040a96-a016-405b-98d0-795bd56d8c43/partitions/dc004c23-ea4e-4c46-988a-3554238939b4/replicas/133669415420594685p","RequestCharge":1.24,"RetryAfterInMs":null,"BELatencyInMs":"0.38","ReplicaHealthStatuses":["(port: 14384 | status: Connected | lkt: 06/08/2024 11:09:16 am)"],"transportRequestTimeline":{"requestTimeline":[{"event": "Created", "startTimeUtc": "2024-08-06T11:09:15.7069329Z", "durationInMs": 6.0389},{"event": "ChannelAcquisitionStarted", "startTimeUtc": "2024-08-06T11:09:15.7129718Z", "durationInMs": 801.0313},{"event": "Pipelined", "startTimeUtc": "2024-08-06T11:09:16.5140031Z", "durationInMs": 28.8395},{"event": "Transit Time", "startTimeUtc": "2024-08-06T11:09:16.5428426Z", "durationInMs": 173.1892},{"event": "Received", "startTimeUtc": "2024-08-06T11:09:16.7160318Z", "durationInMs": 12.0798},{"event": "Completed", "startTimeUtc": "2024-08-06T11:09:16.7281116Z", "durationInMs": 0}],"serviceEndpointStats":{"inflightRequests":1,"openConnections":1},"connectionStats":{"waitforConnectionInit":"True","callsPendingReceive":0,"lastSendAttempt":"2024-08-06T11:09:16.3486324Z","lastSend":"2024-08-06T11:09:16.3499222Z","lastReceive":"2024-08-06T11:09:16.5055255Z"},"requestSizeInBytes":534,"requestBodySizeInBytes":87,"responseMetadataSizeInBytes":218,"responseBodySizeInBytes":163},"TransportException":null}}],"HttpResponseStats":[{"StartTimeUTC":"2024-08-06T11:09:13.9616400Z","DurationInMs":905.0591,"RequestUri":"https://swiftpos-uksouth.documents.azure.com/dbs/swiftpos/colls/Category","ResourceType":"Collection","HttpMethod":"GET","ActivityId":"d91ed2a8-c02b-4fa9-a9fe-cca528657a09","StatusCode":"OK"},{"StartTimeUTC":"2024-08-06T11:09:14.9636436Z","DurationInMs":214.2678,"RequestUri":"https://swiftpos-uksouth.documents.azure.com/dbs/PfQRAA==/colls/PfQRAPvzrqg=/pkranges","ResourceType":"PartitionKeyRange","HttpMethod":"GET","ActivityId":"5bf6c4f0-58cf-47b0-a175-6a6c1ca3236a","StatusCode":"OK"},{"StartTimeUTC":"2024-08-06T11:09:15.2018533Z","DurationInMs":277.1211,"RequestUri":"https://swiftpos-uksouth.documents.azure.com/dbs/PfQRAA==/colls/PfQRAPvzrqg=/pkranges","ResourceType":"PartitionKeyRange","HttpMethod":"GET","ActivityId":"3cf2255c-51ff-4c61-a9f1-9d51ac4f1a63","StatusCode":"NotModified","ReasonPhrase":"Not Modified"},{"StartTimeUTC":"2024-08-06T11:09:15.5147945Z","DurationInMs":161.3248,"RequestUri":"https://swiftpos-uksouth.documents.azure.com//addresses/?$resolveFor=dbs%2fPfQRAA%3d%3d%2fcolls%2fPfQRAPvzrqg%3d%2fdocs&$filter=protocol eq rntbd&$partitionKeyRangeIds=0","ResourceType":"Document","HttpMethod":"GET","ActivityId":"e38c9b33-3e24-41a0-967b-391a18e8b2ab","StatusCode":"OK"}]},"Point Operation Statistics":{"Id":"PointOperationStatistics","ActivityId":"e38c9b33-3e24-41a0-967b-391a18e8b2ab","ResponseTimeUtc":"2024-08-06T11:09:16.8012406Z","StatusCode":400,"SubStatusCode":0,"RequestCharge":1.24,"RequestUri":"dbs/swiftpos/colls/Category","ErrorMessage":"Microsoft.Azure.Documents.BadRequestException: Message: {\"Errors\":[\"The input content is invalid because the required properties - 'id; ' - are missing. Learn more: https:\\/\\/aka.ms\\/CosmosDB\\/sql\\/errors\\/missing-id\"]}\r\nActivityId: e38c9b33-3e24-41a0-967b-391a18e8b2ab, Request URI: /apps/e42bb9c6-0177-4978-bb1d-49cf68216bd1/services/38040a96-a016-405b-98d0-795bd56d8c43/partitions/dc004c23-ea4e-4c46-988a-3554238939b4/replicas/133669415420594685p, RequestStats: Microsoft.Azure.Cosmos.Tracing.TraceData.ClientSideRequestStatisticsTraceDatum, SDK: Windows/10.0.22631 cosmos-netstandard-sdk/3.31.4\r\n   at Microsoft.Azure.Documents.StoreResult.ToResponse(RequestChargeTracker requestChargeTracker)\r\n   at Microsoft.Azure.Documents.ConsistencyWriter.WritePrivateAsync(DocumentServiceRequest request, TimeoutHelper timeout, Boolean forceRefresh)\r\n   at Microsoft.Azure.Documents.BackoffRetryUtility`1.ExecuteRetryAsync[TParam,TPolicy](Func`1 callbackMethod, Func`3 callbackMethodWithParam, Func`2 callbackMethodWithPolicy, TParam param, IRetryPolicy retryPolicy, IRetryPolicy`1 retryPolicyWithArg, Func`1 inBackoffAlternateCallbackMethod, Func`2 inBackoffAlternateCallbackMethodWithPolicy, TimeSpan minBackoffForInBackoffCallback, CancellationToken cancellationToken, Action`1 preRetryCallback)\r\n   at Microsoft.Azure.Documents.ShouldRetryResult.ThrowIfDoneTrying(ExceptionDispatchInfo capturedException)\r\n   at Microsoft.Azure.Documents.BackoffRetryUtility`1.ExecuteRetryAsync[TParam,TPolicy](Func`1 callbackMethod, Func`3 callbackMethodWithParam, Func`2 callbackMethodWithPolicy, TParam param, IRetryPolicy retryPolicy, IRetryPolicy`1 retryPolicyWithArg, Func`1 inBackoffAlternateCallbackMethod, Func`2 inBackoffAlternateCallbackMethodWithPolicy, TimeSpan minBackoffForInBackoffCallback, CancellationToken cancellationToken, Action`1 preRetryCallback)\r\n   at Microsoft.Azure.Documents.ConsistencyWriter.WriteAsync(DocumentServiceRequest entity, TimeoutHelper timeout, Boolean forceRefresh, CancellationToken cancellationToken)\r\n   at Microsoft.Azure.Documents.ReplicatedResourceClient.<>c__DisplayClass31_0.<<InvokeAsync>b__0>d.MoveNext()\r\n--- End of stack trace from previous location ---\r\n   at Microsoft.Azure.Documents.RequestRetryUtility.ProcessRequestAsync[TRequest,IRetriableResponse](Func`1 executeAsync, Func`1 prepareRequest, IRequestRetryPolicy`2 policy, CancellationToken cancellationToken, Func`1 inBackoffAlternateCallbackMethod, Nullable`1 minBackoffForInBackoffCallback)\r\n   at Microsoft.Azure.Documents.ShouldRetryResult.ThrowIfDoneTrying(ExceptionDispatchInfo capturedException)\r\n   at Microsoft.Azure.Documents.RequestRetryUtility.ProcessRequestAsync[TRequest,IRetriableResponse](Func`1 executeAsync, Func`1 prepareRequest, IRequestRetryPolicy`2 policy, CancellationToken cancellationToken, Func`1 inBackoffAlternateCallbackMethod, Nullable`1 minBackoffForInBackoffCallback)\r\n   at Microsoft.Azure.Documents.StoreClient.ProcessMessageAsync(DocumentServiceRequest request, CancellationToken cancellationToken, IRetryPolicy retryPolicy)\r\n   at Microsoft.Azure.Cosmos.Handlers.TransportHandler.ProcessMessageAsync(RequestMessage request, CancellationToken cancellationToken)\r\n   at Microsoft.Azure.Cosmos.Handlers.TransportHandler.SendAsync(RequestMessage request, CancellationToken cancellationToken)","RequestSessionToken":null,"ResponseSessionToken":"0:-1#21","BELatencyInMs":"0.38"}}}]}]}]}]}]}]}
2024-08-06 16:16:04.7911 ERROR An unhandled exception has occurred. Microsoft.Azure.Cosmos.CosmosException : Response status code does not indicate success: BadRequest (400); Substatus: 0; ActivityId: 64bc344a-dc05-4af0-953d-1fa481b0661d; Reason: (Message: {"Errors":["The input content is invalid because the required properties - 'id; ' - are missing. Learn more: https:\/\/aka.ms\/CosmosDB\/sql\/errors\/missing-id"]}
ActivityId: 64bc344a-dc05-4af0-953d-1fa481b0661d, Request URI: /apps/e42bb9c6-0177-4978-bb1d-49cf68216bd1/services/38040a96-a016-405b-98d0-795bd56d8c43/partitions/dc004c23-ea4e-4c46-988a-3554238939b4/replicas/133669415420594685p, RequestStats: Microsoft.Azure.Cosmos.Tracing.TraceData.ClientSideRequestStatisticsTraceDatum, SDK: Windows/10.0.22631 cosmos-netstandard-sdk/3.31.4);
   at Microsoft.Azure.Documents.StoreResult.ToResponse(RequestChargeTracker requestChargeTracker)
   at Microsoft.Azure.Documents.ConsistencyWriter.WritePrivateAsync(DocumentServiceRequest request, TimeoutHelper timeout, Boolean forceRefresh)
   at Microsoft.Azure.Documents.BackoffRetryUtility`1.ExecuteRetryAsync[TParam,TPolicy](Func`1 callbackMethod, Func`3 callbackMethodWithParam, Func`2 callbackMethodWithPolicy, TParam param, IRetryPolicy retryPolicy, IRetryPolicy`1 retryPolicyWithArg, Func`1 inBackoffAlternateCallbackMethod, Func`2 inBackoffAlternateCallbackMethodWithPolicy, TimeSpan minBackoffForInBackoffCallback, CancellationToken cancellationToken, Action`1 preRetryCallback)
   at Microsoft.Azure.Documents.ShouldRetryResult.ThrowIfDoneTrying(ExceptionDispatchInfo capturedException)
   at Microsoft.Azure.Documents.BackoffRetryUtility`1.ExecuteRetryAsync[TParam,TPolicy](Func`1 callbackMethod, Func`3 callbackMethodWithParam, Func`2 callbackMethodWithPolicy, TParam param, IRetryPolicy retryPolicy, IRetryPolicy`1 retryPolicyWithArg, Func`1 inBackoffAlternateCallbackMethod, Func`2 inBackoffAlternateCallbackMethodWithPolicy, TimeSpan minBackoffForInBackoffCallback, CancellationToken cancellationToken, Action`1 preRetryCallback)
   at Microsoft.Azure.Documents.ConsistencyWriter.WriteAsync(DocumentServiceRequest entity, TimeoutHelper timeout, Boolean forceRefresh, CancellationToken cancellationToken)
   at Microsoft.Azure.Documents.ReplicatedResourceClient.<>c__DisplayClass31_0.<<InvokeAsync>b__0>d.MoveNext()
--- End of stack trace from previous location ---
   at Microsoft.Azure.Documents.RequestRetryUtility.ProcessRequestAsync[TRequest,IRetriableResponse](Func`1 executeAsync, Func`1 prepareRequest, IRequestRetryPolicy`2 policy, CancellationToken cancellationToken, Func`1 inBackoffAlternateCallbackMethod, Nullable`1 minBackoffForInBackoffCallback)
   at Microsoft.Azure.Documents.ShouldRetryResult.ThrowIfDoneTrying(ExceptionDispatchInfo capturedException)
   at Microsoft.Azure.Documents.RequestRetryUtility.ProcessRequestAsync[TRequest,IRetriableResponse](Func`1 executeAsync, Func`1 prepareRequest, IRequestRetryPolicy`2 policy, CancellationToken cancellationToken, Func`1 inBackoffAlternateCallbackMethod, Nullable`1 minBackoffForInBackoffCallback)
   at Microsoft.Azure.Documents.StoreClient.ProcessMessageAsync(DocumentServiceRequest request, CancellationToken cancellationToken, IRetryPolicy retryPolicy)
   at Microsoft.Azure.Cosmos.Handlers.TransportHandler.ProcessMessageAsync(RequestMessage request, CancellationToken cancellationToken)
   at Microsoft.Azure.Cosmos.Handlers.TransportHandler.SendAsync(RequestMessage request, CancellationToken cancellationToken)
--- Cosmos Diagnostics ---{"Summary":{"DirectCalls":{"(400, 0)":1}},"name":"CreateItemAsync","start datetime":"2024-08-06T11:16:04.523Z","duration in milliseconds":265.7353,"data":{"Client Configuration":{"Client Created Time Utc":"2024-08-06T11:09:12.5349294Z","MachineId":"hashedMachineName:efe532e9-0cfc-8897-6dc5-203608e2771d","NumberOfClientsCreated":1,"NumberOfActiveClients":1,"ConnectionMode":"Direct","User Agent":"cosmos-netstandard-sdk/3.35.4|1|X64|Microsoft Windows 10.0.22631|.NET 8.0.6|N|","ConnectionConfig":{"gw":"(cps:50, urto:6, p:False, httpf: False)","rntbd":"(cto: 5, icto: -1, mrpc: 30, mcpe: 65535, erd: True, pr: ReuseUnicastPort)","other":"(ed:False, be:False)"},"ConsistencyConfig":"(consistency: NotSet, prgns:[], apprgn: )","ProcessorCount":12}},"children":[{"name":"ItemSerialize","duration in milliseconds":0.1092},{"name":"Microsoft.Azure.Cosmos.Handlers.RequestInvokerHandler","duration in milliseconds":265.0646,"children":[{"name":"Microsoft.Azure.Cosmos.Handlers.DiagnosticsHandler","duration in milliseconds":264.7338,"data":{"System Info":{"systemHistory":[{"dateUtc":"2024-08-06T11:15:14.1324488Z","cpu":2.733,"memory":8610680.000,"threadInfo":{"isThreadStarving":"False","threadWaitIntervalInMs":0.145,"availableThreads":32766,"minThreads":12,"maxThreads":32767},"numberOfOpenTcpConnection":1},{"dateUtc":"2024-08-06T11:15:24.1422790Z","cpu":3.720,"memory":8591896.000,"threadInfo":{"isThreadStarving":"False","threadWaitIntervalInMs":0.0944,"availableThreads":32766,"minThreads":12,"maxThreads":32767},"numberOfOpenTcpConnection":1},{"dateUtc":"2024-08-06T11:15:34.1491339Z","cpu":3.880,"memory":8626304.000,"threadInfo":{"isThreadStarving":"False","threadWaitIntervalInMs":0.4335,"availableThreads":32766,"minThreads":12,"maxThreads":32767},"numberOfOpenTcpConnection":1},{"dateUtc":"2024-08-06T11:15:44.1535677Z","cpu":1.784,"memory":8633004.000,"threadInfo":{"isThreadStarving":"False","threadWaitIntervalInMs":2.5319,"availableThreads":32766,"minThreads":12,"maxThreads":32767},"numberOfOpenTcpConnection":1},{"dateUtc":"2024-08-06T11:15:54.1648717Z","cpu":3.041,"memory":8619012.000,"threadInfo":{"isThreadStarving":"False","threadWaitIntervalInMs":0.1244,"availableThreads":32766,"minThreads":12,"maxThreads":32767},"numberOfOpenTcpConnection":1},{"dateUtc":"2024-08-06T11:16:04.3955909Z","cpu":6.597,"memory":8498476.000,"threadInfo":{"isThreadStarving":"False","threadWaitIntervalInMs":0.6358,"availableThreads":32766,"minThreads":12,"maxThreads":32767},"numberOfOpenTcpConnection":1}]}},"children":[{"name":"Microsoft.Azure.Cosmos.Handlers.RetryHandler","duration in milliseconds":264.6999,"children":[{"name":"Microsoft.Azure.Cosmos.Handlers.RouterHandler","duration in milliseconds":264.4627,"children":[{"name":"Microsoft.Azure.Cosmos.Handlers.TransportHandler","duration in milliseconds":264.4497,"children":[{"name":"Microsoft.Azure.Documents.ServerStoreModel Transport Request","duration in milliseconds":261.8688,"data":{"Client Side Request Stats":{"Id":"AggregatedClientSideRequestStatistics","ContactedReplicas":[{"Count":1,"Uri":"rntbd://cdb-ms-prod-uksouth1-be34.documents.azure.com:14384/apps/e42bb9c6-0177-4978-bb1d-49cf68216bd1/services/38040a96-a016-405b-98d0-795bd56d8c43/partitions/dc004c23-ea4e-4c46-988a-3554238939b4/replicas/133669415420594685p"},{"Count":1,"Uri":"rntbd://cdb-ms-prod-uksouth1-be34.documents.azure.com:14090/apps/e42bb9c6-0177-4978-bb1d-49cf68216bd1/services/38040a96-a016-405b-98d0-795bd56d8c43/partitions/dc004c23-ea4e-4c46-988a-3554238939b4/replicas/133669306087198217s"},{"Count":1,"Uri":"rntbd://cdb-ms-prod-uksouth1-be34.documents.azure.com:14356/apps/e42bb9c6-0177-4978-bb1d-49cf68216bd1/services/38040a96-a016-405b-98d0-795bd56d8c43/partitions/dc004c23-ea4e-4c46-988a-3554238939b4/replicas/133668976743960791s"},{"Count":1,"Uri":"rntbd://cdb-ms-prod-uksouth1-be34.documents.azure.com:14466/apps/e42bb9c6-0177-4978-bb1d-49cf68216bd1/services/38040a96-a016-405b-98d0-795bd56d8c43/partitions/dc004c23-ea4e-4c46-988a-3554238939b4/replicas/133668606064016194s"}],"RegionsContacted":[],"FailedReplicas":[],"AddressResolutionStatistics":[],"StoreResponseStatistics":[{"ResponseTimeUTC":"2024-08-06T11:16:04.7838496Z","ResourceType":"Document","OperationType":"Create","LocationEndpoint":"https://swiftpos-uksouth.documents.azure.com/","StoreResult":{"ActivityId":"64bc344a-dc05-4af0-953d-1fa481b0661d","StatusCode":"StartingErrorCode","SubStatusCode":"Unknown","LSN":21,"PartitionKeyRangeId":"0","GlobalCommittedLSN":21,"ItemLSN":-1,"UsingLocalLSN":false,"QuorumAckedLSN":21,"SessionToken":"-1#21","CurrentWriteQuorum":3,"CurrentReplicaSetSize":4,"NumberOfReadRegions":0,"IsValid":true,"StorePhysicalAddress":"rntbd://cdb-ms-prod-uksouth1-be34.documents.azure.com:14384/apps/e42bb9c6-0177-4978-bb1d-49cf68216bd1/services/38040a96-a016-405b-98d0-795bd56d8c43/partitions/dc004c23-ea4e-4c46-988a-3554238939b4/replicas/133669415420594685p","RequestCharge":1.24,"RetryAfterInMs":null,"BELatencyInMs":"0.47","ReplicaHealthStatuses":["(port: 14384 | status: Connected | lkt: 06/08/2024 11:09:16 am)"],"transportRequestTimeline":{"requestTimeline":[{"event": "Created", "startTimeUtc": "2024-08-06T11:16:04.5301900Z", "durationInMs": 0.661},{"event": "ChannelAcquisitionStarted", "startTimeUtc": "2024-08-06T11:16:04.5308510Z", "durationInMs": 5.1494},{"event": "Pipelined", "startTimeUtc": "2024-08-06T11:16:04.5360004Z", "durationInMs": 1.3726},{"event": "Transit Time", "startTimeUtc": "2024-08-06T11:16:04.5373730Z", "durationInMs": 245.4433},{"event": "Received", "startTimeUtc": "2024-08-06T11:16:04.7828163Z", "durationInMs": 0.3481},{"event": "Completed", "startTimeUtc": "2024-08-06T11:16:04.7831644Z", "durationInMs": 0}],"serviceEndpointStats":{"inflightRequests":1,"openConnections":1},"connectionStats":{"waitforConnectionInit":"False","callsPendingReceive":0,"lastSendAttempt":"2024-08-06T11:09:16.5422491Z","lastSend":"2024-08-06T11:09:16.5428407Z","lastReceive":"2024-08-06T11:09:16.7138804Z"},"requestSizeInBytes":540,"requestBodySizeInBytes":87,"responseMetadataSizeInBytes":218,"responseBodySizeInBytes":163},"TransportException":null}}]},"Point Operation Statistics":{"Id":"PointOperationStatistics","ActivityId":"64bc344a-dc05-4af0-953d-1fa481b0661d","ResponseTimeUtc":"2024-08-06T11:16:04.7876060Z","StatusCode":400,"SubStatusCode":0,"RequestCharge":1.24,"RequestUri":"dbs/swiftpos/colls/Category","ErrorMessage":"Microsoft.Azure.Documents.BadRequestException: Message: {\"Errors\":[\"The input content is invalid because the required properties - 'id; ' - are missing. Learn more: https:\\/\\/aka.ms\\/CosmosDB\\/sql\\/errors\\/missing-id\"]}\r\nActivityId: 64bc344a-dc05-4af0-953d-1fa481b0661d, Request URI: /apps/e42bb9c6-0177-4978-bb1d-49cf68216bd1/services/38040a96-a016-405b-98d0-795bd56d8c43/partitions/dc004c23-ea4e-4c46-988a-3554238939b4/replicas/133669415420594685p, RequestStats: Microsoft.Azure.Cosmos.Tracing.TraceData.ClientSideRequestStatisticsTraceDatum, SDK: Windows/10.0.22631 cosmos-netstandard-sdk/3.31.4\r\n   at Microsoft.Azure.Documents.StoreResult.ToResponse(RequestChargeTracker requestChargeTracker)\r\n   at Microsoft.Azure.Documents.ConsistencyWriter.WritePrivateAsync(DocumentServiceRequest request, TimeoutHelper timeout, Boolean forceRefresh)\r\n   at Microsoft.Azure.Documents.BackoffRetryUtility`1.ExecuteRetryAsync[TParam,TPolicy](Func`1 callbackMethod, Func`3 callbackMethodWithParam, Func`2 callbackMethodWithPolicy, TParam param, IRetryPolicy retryPolicy, IRetryPolicy`1 retryPolicyWithArg, Func`1 inBackoffAlternateCallbackMethod, Func`2 inBackoffAlternateCallbackMethodWithPolicy, TimeSpan minBackoffForInBackoffCallback, CancellationToken cancellationToken, Action`1 preRetryCallback)\r\n   at Microsoft.Azure.Documents.ShouldRetryResult.ThrowIfDoneTrying(ExceptionDispatchInfo capturedException)\r\n   at Microsoft.Azure.Documents.BackoffRetryUtility`1.ExecuteRetryAsync[TParam,TPolicy](Func`1 callbackMethod, Func`3 callbackMethodWithParam, Func`2 callbackMethodWithPolicy, TParam param, IRetryPolicy retryPolicy, IRetryPolicy`1 retryPolicyWithArg, Func`1 inBackoffAlternateCallbackMethod, Func`2 inBackoffAlternateCallbackMethodWithPolicy, TimeSpan minBackoffForInBackoffCallback, CancellationToken cancellationToken, Action`1 preRetryCallback)\r\n   at Microsoft.Azure.Documents.ConsistencyWriter.WriteAsync(DocumentServiceRequest entity, TimeoutHelper timeout, Boolean forceRefresh, CancellationToken cancellationToken)\r\n   at Microsoft.Azure.Documents.ReplicatedResourceClient.<>c__DisplayClass31_0.<<InvokeAsync>b__0>d.MoveNext()\r\n--- End of stack trace from previous location ---\r\n   at Microsoft.Azure.Documents.RequestRetryUtility.ProcessRequestAsync[TRequest,IRetriableResponse](Func`1 executeAsync, Func`1 prepareRequest, IRequestRetryPolicy`2 policy, CancellationToken cancellationToken, Func`1 inBackoffAlternateCallbackMethod, Nullable`1 minBackoffForInBackoffCallback)\r\n   at Microsoft.Azure.Documents.ShouldRetryResult.ThrowIfDoneTrying(ExceptionDispatchInfo capturedException)\r\n   at Microsoft.Azure.Documents.RequestRetryUtility.ProcessRequestAsync[TRequest,IRetriableResponse](Func`1 executeAsync, Func`1 prepareRequest, IRequestRetryPolicy`2 policy, CancellationToken cancellationToken, Func`1 inBackoffAlternateCallbackMethod, Nullable`1 minBackoffForInBackoffCallback)\r\n   at Microsoft.Azure.Documents.StoreClient.ProcessMessageAsync(DocumentServiceRequest request, CancellationToken cancellationToken, IRetryPolicy retryPolicy)\r\n   at Microsoft.Azure.Cosmos.Handlers.TransportHandler.ProcessMessageAsync(RequestMessage request, CancellationToken cancellationToken)\r\n   at Microsoft.Azure.Cosmos.Handlers.TransportHandler.SendAsync(RequestMessage request, CancellationToken cancellationToken)","RequestSessionToken":null,"ResponseSessionToken":"0:-1#21","BELatencyInMs":"0.47"}}}]}]}]}]}]}]}
2024-08-06 16:18:25.5277 INFO Now listening on: https://localhost:7065 
2024-08-06 16:18:25.5482 INFO Now listening on: http://localhost:5259 
2024-08-06 16:18:25.5502 INFO Application started. Press Ctrl+C to shut down. 
2024-08-06 16:18:25.5502 INFO Hosting environment: Development 
2024-08-06 16:18:25.5502 INFO Content root path: C:\Users\LENOVO\source\repos\SwiftPos\SwiftPos 
2024-08-06 16:18:44.5856 ERROR An unhandled exception has occurred. Microsoft.Azure.Cosmos.CosmosException : Response status code does not indicate success: BadRequest (400); Substatus: 0; ActivityId: c6617fa4-c601-4d40-9288-c01d456d34b7; Reason: (Message: {"Errors":["The input content is invalid because the required properties - 'id; ' - are missing. Learn more: https:\/\/aka.ms\/CosmosDB\/sql\/errors\/missing-id"]}
ActivityId: c6617fa4-c601-4d40-9288-c01d456d34b7, Request URI: /apps/e42bb9c6-0177-4978-bb1d-49cf68216bd1/services/38040a96-a016-405b-98d0-795bd56d8c43/partitions/dc004c23-ea4e-4c46-988a-3554238939b4/replicas/133669415420594685p, RequestStats: Microsoft.Azure.Cosmos.Tracing.TraceData.ClientSideRequestStatisticsTraceDatum, SDK: Windows/10.0.22631 cosmos-netstandard-sdk/3.31.4);
   at Microsoft.Azure.Documents.StoreResult.ToResponse(RequestChargeTracker requestChargeTracker)
   at Microsoft.Azure.Documents.ConsistencyWriter.WritePrivateAsync(DocumentServiceRequest request, TimeoutHelper timeout, Boolean forceRefresh)
   at Microsoft.Azure.Documents.BackoffRetryUtility`1.ExecuteRetryAsync[TParam,TPolicy](Func`1 callbackMethod, Func`3 callbackMethodWithParam, Func`2 callbackMethodWithPolicy, TParam param, IRetryPolicy retryPolicy, IRetryPolicy`1 retryPolicyWithArg, Func`1 inBackoffAlternateCallbackMethod, Func`2 inBackoffAlternateCallbackMethodWithPolicy, TimeSpan minBackoffForInBackoffCallback, CancellationToken cancellationToken, Action`1 preRetryCallback)
   at Microsoft.Azure.Documents.ShouldRetryResult.ThrowIfDoneTrying(ExceptionDispatchInfo capturedException)
   at Microsoft.Azure.Documents.BackoffRetryUtility`1.ExecuteRetryAsync[TParam,TPolicy](Func`1 callbackMethod, Func`3 callbackMethodWithParam, Func`2 callbackMethodWithPolicy, TParam param, IRetryPolicy retryPolicy, IRetryPolicy`1 retryPolicyWithArg, Func`1 inBackoffAlternateCallbackMethod, Func`2 inBackoffAlternateCallbackMethodWithPolicy, TimeSpan minBackoffForInBackoffCallback, CancellationToken cancellationToken, Action`1 preRetryCallback)
   at Microsoft.Azure.Documents.ConsistencyWriter.WriteAsync(DocumentServiceRequest entity, TimeoutHelper timeout, Boolean forceRefresh, CancellationToken cancellationToken)
   at Microsoft.Azure.Documents.ReplicatedResourceClient.<>c__DisplayClass31_0.<<InvokeAsync>b__0>d.MoveNext()
--- End of stack trace from previous location ---
   at Microsoft.Azure.Documents.RequestRetryUtility.ProcessRequestAsync[TRequest,IRetriableResponse](Func`1 executeAsync, Func`1 prepareRequest, IRequestRetryPolicy`2 policy, CancellationToken cancellationToken, Func`1 inBackoffAlternateCallbackMethod, Nullable`1 minBackoffForInBackoffCallback)
   at Microsoft.Azure.Documents.ShouldRetryResult.ThrowIfDoneTrying(ExceptionDispatchInfo capturedException)
   at Microsoft.Azure.Documents.RequestRetryUtility.ProcessRequestAsync[TRequest,IRetriableResponse](Func`1 executeAsync, Func`1 prepareRequest, IRequestRetryPolicy`2 policy, CancellationToken cancellationToken, Func`1 inBackoffAlternateCallbackMethod, Nullable`1 minBackoffForInBackoffCallback)
   at Microsoft.Azure.Documents.StoreClient.ProcessMessageAsync(DocumentServiceRequest request, CancellationToken cancellationToken, IRetryPolicy retryPolicy)
   at Microsoft.Azure.Cosmos.Handlers.TransportHandler.ProcessMessageAsync(RequestMessage request, CancellationToken cancellationToken)
   at Microsoft.Azure.Cosmos.Handlers.TransportHandler.SendAsync(RequestMessage request, CancellationToken cancellationToken)
--- Cosmos Diagnostics ---{"Summary":{"DirectCalls":{"(400, 0)":1},"GatewayCalls":{"(200, 0)":3,"(304, 0)":1}},"name":"CreateItemAsync","start datetime":"2024-08-06T11:18:36.820Z","duration in milliseconds":5685.1525,"data":{"Client Configuration":{"Client Created Time Utc":"2024-08-06T11:18:36.4760026Z","MachineId":"hashedMachineName:efe532e9-0cfc-8897-6dc5-203608e2771d","NumberOfClientsCreated":1,"NumberOfActiveClients":1,"ConnectionMode":"Direct","User Agent":"cosmos-netstandard-sdk/3.35.4|1|X64|Microsoft Windows 10.0.22631|.NET 8.0.6|N|","ConnectionConfig":{"gw":"(cps:50, urto:6, p:False, httpf: False)","rntbd":"(cto: 5, icto: -1, mrpc: 30, mcpe: 65535, erd: True, pr: ReuseUnicastPort)","other":"(ed:False, be:False)"},"ConsistencyConfig":"(consistency: NotSet, prgns:[], apprgn: )","ProcessorCount":12}},"children":[{"name":"ItemSerialize","duration in milliseconds":177.1247},{"name":"Microsoft.Azure.Cosmos.Handlers.RequestInvokerHandler","duration in milliseconds":5474.8534,"children":[{"name":"Waiting for Initialization of client to complete","duration in milliseconds":630.5647},{"name":"Microsoft.Azure.Cosmos.Handlers.DiagnosticsHandler","duration in milliseconds":4793.2919,"data":{"System Info":{"systemHistory":[{"dateUtc":"2024-08-06T11:18:37.3337019Z","cpu":1.067,"memory":8514820.000,"threadInfo":{"isThreadStarving":"no info","availableThreads":32764,"minThreads":12,"maxThreads":32767},"numberOfOpenTcpConnection":0}]}},"children":[{"name":"Microsoft.Azure.Cosmos.Handlers.RetryHandler","duration in milliseconds":4790.9712,"children":[{"name":"Microsoft.Azure.Cosmos.Handlers.RouterHandler","duration in milliseconds":4772.5429,"children":[{"name":"Microsoft.Azure.Cosmos.Handlers.TransportHandler","duration in milliseconds":4770.1183,"children":[{"name":"Microsoft.Azure.Documents.ServerStoreModel Transport Request","duration in milliseconds":4724.1527,"data":{"Client Side Request Stats":{"Id":"AggregatedClientSideRequestStatistics","ContactedReplicas":[{"Count":1,"Uri":"rntbd://cdb-ms-prod-uksouth1-be34.documents.azure.com:14384/apps/e42bb9c6-0177-4978-bb1d-49cf68216bd1/services/38040a96-a016-405b-98d0-795bd56d8c43/partitions/dc004c23-ea4e-4c46-988a-3554238939b4/replicas/133669415420594685p"},{"Count":1,"Uri":"rntbd://cdb-ms-prod-uksouth1-be34.documents.azure.com:14090/apps/e42bb9c6-0177-4978-bb1d-49cf68216bd1/services/38040a96-a016-405b-98d0-795bd56d8c43/partitions/dc004c23-ea4e-4c46-988a-3554238939b4/replicas/133669306087198217s"},{"Count":1,"Uri":"rntbd://cdb-ms-prod-uksouth1-be34.documents.azure.com:14356/apps/e42bb9c6-0177-4978-bb1d-49cf68216bd1/services/38040a96-a016-405b-98d0-795bd56d8c43/partitions/dc004c23-ea4e-4c46-988a-3554238939b4/replicas/133668976743960791s"},{"Count":1,"Uri":"rntbd://cdb-ms-prod-uksouth1-be34.documents.azure.com:14466/apps/e42bb9c6-0177-4978-bb1d-49cf68216bd1/services/38040a96-a016-405b-98d0-795bd56d8c43/partitions/dc004c23-ea4e-4c46-988a-3554238939b4/replicas/133668606064016194s"}],"RegionsContacted":[],"FailedReplicas":[],"AddressResolutionStatistics":[{"StartTimeUTC":"2024-08-06T11:18:39.9458377Z","EndTimeUTC":"2024-08-06T11:18:40.2809400Z","TargetEndpoint":"https://swiftpos-uksouth.documents.azure.com//addresses/?$resolveFor=dbs%2fPfQRAA%3d%3d%2fcolls%2fPfQRALJYCFM%3d%2fdocs&$filter=protocol eq rntbd&$partitionKeyRangeIds=0"}],"StoreResponseStatistics":[{"ResponseTimeUTC":"2024-08-06T11:18:42.4441459Z","ResourceType":"Document","OperationType":"Create","LocationEndpoint":"https://swiftpos-uksouth.documents.azure.com/","StoreResult":{"ActivityId":"c6617fa4-c601-4d40-9288-c01d456d34b7","StatusCode":"StartingErrorCode","SubStatusCode":"Unknown","LSN":24,"PartitionKeyRangeId":"0","GlobalCommittedLSN":24,"ItemLSN":-1,"UsingLocalLSN":false,"QuorumAckedLSN":24,"SessionToken":"-1#24","CurrentWriteQuorum":3,"CurrentReplicaSetSize":4,"NumberOfReadRegions":0,"IsValid":true,"StorePhysicalAddress":"rntbd://cdb-ms-prod-uksouth1-be34.documents.azure.com:14384/apps/e42bb9c6-0177-4978-bb1d-49cf68216bd1/services/38040a96-a016-405b-98d0-795bd56d8c43/partitions/dc004c23-ea4e-4c46-988a-3554238939b4/replicas/133669415420594685p","RequestCharge":1.24,"RetryAfterInMs":null,"BELatencyInMs":"0.556","ReplicaHealthStatuses":["(port: 14384 | status: Connected | lkt: 06/08/2024 11:18:42 am)"],"transportRequestTimeline":{"requestTimeline":[{"event": "Created", "startTimeUtc": "2024-08-06T11:18:40.4320113Z", "durationInMs": 13.9608},{"event": "ChannelAcquisitionStarted", "startTimeUtc": "2024-08-06T11:18:40.4459721Z", "durationInMs": 1528.3773},{"event": "Pipelined", "startTimeUtc": "2024-08-06T11:18:41.9743494Z", "durationInMs": 167.5815},{"event": "Transit Time", "startTimeUtc": "2024-08-06T11:18:42.1419309Z", "durationInMs": 222.965},{"event": "Received", "startTimeUtc": "2024-08-06T11:18:42.3648959Z", "durationInMs": 13.64},{"event": "Completed", "startTimeUtc": "2024-08-06T11:18:42.3785359Z", "durationInMs": 0}],"serviceEndpointStats":{"inflightRequests":1,"openConnections":1},"connectionStats":{"waitforConnectionInit":"True","callsPendingReceive":0,"lastSendAttempt":"2024-08-06T11:18:41.6233276Z","lastSend":"2024-08-06T11:18:41.6261522Z","lastReceive":"2024-08-06T11:18:41.8474091Z"},"requestSizeInBytes":532,"requestBodySizeInBytes":87,"responseMetadataSizeInBytes":218,"responseBodySizeInBytes":163},"TransportException":null}}],"HttpResponseStats":[{"StartTimeUTC":"2024-08-06T11:18:37.8923387Z","DurationInMs":1212.5835,"RequestUri":"https://swiftpos-uksouth.documents.azure.com/dbs/swiftpos/colls/Category","ResourceType":"Collection","HttpMethod":"GET","ActivityId":"2e7ddaa4-17cd-4116-a3af-28ce8fdb7765","StatusCode":"OK"},{"StartTimeUTC":"2024-08-06T11:18:39.2368567Z","DurationInMs":291.3381,"RequestUri":"https://swiftpos-uksouth.documents.azure.com/dbs/PfQRAA==/colls/PfQRALJYCFM=/pkranges","ResourceType":"PartitionKeyRange","HttpMethod":"GET","ActivityId":"5d7b92ab-c494-4f25-bd85-313f63d74ed3","StatusCode":"OK"},{"StartTimeUTC":"2024-08-06T11:18:39.5740445Z","DurationInMs":242.6196,"RequestUri":"https://swiftpos-uksouth.documents.azure.com/dbs/PfQRAA==/colls/PfQRALJYCFM=/pkranges","ResourceType":"PartitionKeyRange","HttpMethod":"GET","ActivityId":"0f78ccef-8062-4b39-8a72-dcaec072dd43","StatusCode":"NotModified","ReasonPhrase":"Not Modified"},{"StartTimeUTC":"2024-08-06T11:18:39.9477940Z","DurationInMs":331.4551,"RequestUri":"https://swiftpos-uksouth.documents.azure.com//addresses/?$resolveFor=dbs%2fPfQRAA%3d%3d%2fcolls%2fPfQRALJYCFM%3d%2fdocs&$filter=protocol eq rntbd&$partitionKeyRangeIds=0","ResourceType":"Document","HttpMethod":"GET","ActivityId":"c6617fa4-c601-4d40-9288-c01d456d34b7","StatusCode":"OK"}]},"Point Operation Statistics":{"Id":"PointOperationStatistics","ActivityId":"c6617fa4-c601-4d40-9288-c01d456d34b7","ResponseTimeUtc":"2024-08-06T11:18:42.4765259Z","StatusCode":400,"SubStatusCode":0,"RequestCharge":1.24,"RequestUri":"dbs/swiftpos/colls/Category","ErrorMessage":"Microsoft.Azure.Documents.BadRequestException: Message: {\"Errors\":[\"The input content is invalid because the required properties - 'id; ' - are missing. Learn more: https:\\/\\/aka.ms\\/CosmosDB\\/sql\\/errors\\/missing-id\"]}\r\nActivityId: c6617fa4-c601-4d40-9288-c01d456d34b7, Request URI: /apps/e42bb9c6-0177-4978-bb1d-49cf68216bd1/services/38040a96-a016-405b-98d0-795bd56d8c43/partitions/dc004c23-ea4e-4c46-988a-3554238939b4/replicas/133669415420594685p, RequestStats: Microsoft.Azure.Cosmos.Tracing.TraceData.ClientSideRequestStatisticsTraceDatum, SDK: Windows/10.0.22631 cosmos-netstandard-sdk/3.31.4\r\n   at Microsoft.Azure.Documents.StoreResult.ToResponse(RequestChargeTracker requestChargeTracker)\r\n   at Microsoft.Azure.Documents.ConsistencyWriter.WritePrivateAsync(DocumentServiceRequest request, TimeoutHelper timeout, Boolean forceRefresh)\r\n   at Microsoft.Azure.Documents.BackoffRetryUtility`1.ExecuteRetryAsync[TParam,TPolicy](Func`1 callbackMethod, Func`3 callbackMethodWithParam, Func`2 callbackMethodWithPolicy, TParam param, IRetryPolicy retryPolicy, IRetryPolicy`1 retryPolicyWithArg, Func`1 inBackoffAlternateCallbackMethod, Func`2 inBackoffAlternateCallbackMethodWithPolicy, TimeSpan minBackoffForInBackoffCallback, CancellationToken cancellationToken, Action`1 preRetryCallback)\r\n   at Microsoft.Azure.Documents.ShouldRetryResult.ThrowIfDoneTrying(ExceptionDispatchInfo capturedException)\r\n   at Microsoft.Azure.Documents.BackoffRetryUtility`1.ExecuteRetryAsync[TParam,TPolicy](Func`1 callbackMethod, Func`3 callbackMethodWithParam, Func`2 callbackMethodWithPolicy, TParam param, IRetryPolicy retryPolicy, IRetryPolicy`1 retryPolicyWithArg, Func`1 inBackoffAlternateCallbackMethod, Func`2 inBackoffAlternateCallbackMethodWithPolicy, TimeSpan minBackoffForInBackoffCallback, CancellationToken cancellationToken, Action`1 preRetryCallback)\r\n   at Microsoft.Azure.Documents.ConsistencyWriter.WriteAsync(DocumentServiceRequest entity, TimeoutHelper timeout, Boolean forceRefresh, CancellationToken cancellationToken)\r\n   at Microsoft.Azure.Documents.ReplicatedResourceClient.<>c__DisplayClass31_0.<<InvokeAsync>b__0>d.MoveNext()\r\n--- End of stack trace from previous location ---\r\n   at Microsoft.Azure.Documents.RequestRetryUtility.ProcessRequestAsync[TRequest,IRetriableResponse](Func`1 executeAsync, Func`1 prepareRequest, IRequestRetryPolicy`2 policy, CancellationToken cancellationToken, Func`1 inBackoffAlternateCallbackMethod, Nullable`1 minBackoffForInBackoffCallback)\r\n   at Microsoft.Azure.Documents.ShouldRetryResult.ThrowIfDoneTrying(ExceptionDispatchInfo capturedException)\r\n   at Microsoft.Azure.Documents.RequestRetryUtility.ProcessRequestAsync[TRequest,IRetriableResponse](Func`1 executeAsync, Func`1 prepareRequest, IRequestRetryPolicy`2 policy, CancellationToken cancellationToken, Func`1 inBackoffAlternateCallbackMethod, Nullable`1 minBackoffForInBackoffCallback)\r\n   at Microsoft.Azure.Documents.StoreClient.ProcessMessageAsync(DocumentServiceRequest request, CancellationToken cancellationToken, IRetryPolicy retryPolicy)\r\n   at Microsoft.Azure.Cosmos.Handlers.TransportHandler.ProcessMessageAsync(RequestMessage request, CancellationToken cancellationToken)\r\n   at Microsoft.Azure.Cosmos.Handlers.TransportHandler.SendAsync(RequestMessage request, CancellationToken cancellationToken)","RequestSessionToken":null,"ResponseSessionToken":"0:-1#24","BELatencyInMs":"0.556"}}}]}]}]}]}]}]}
2024-08-06 16:22:33.3771 INFO Now listening on: https://localhost:7065 
2024-08-06 16:22:33.5561 INFO Now listening on: http://localhost:5259 
2024-08-06 16:22:33.5561 INFO Application started. Press Ctrl+C to shut down. 
2024-08-06 16:22:33.6181 INFO Hosting environment: Development 
2024-08-06 16:22:33.6181 INFO Content root path: C:\Users\LENOVO\source\repos\SwiftPos\SwiftPos 
2024-08-06 16:30:06.3601 INFO Now listening on: https://localhost:7065 
2024-08-06 16:30:06.8288 INFO Now listening on: http://localhost:5259 
2024-08-06 16:30:06.8336 INFO Application started. Press Ctrl+C to shut down. 
2024-08-06 16:30:06.8336 INFO Hosting environment: Development 
2024-08-06 16:30:06.8336 INFO Content root path: C:\Users\LENOVO\source\repos\SwiftPos\SwiftPos 
2024-08-06 16:31:02.9529 INFO Now listening on: https://localhost:7065 
2024-08-06 16:31:02.9733 INFO Now listening on: http://localhost:5259 
2024-08-06 16:31:02.9733 INFO Application started. Press Ctrl+C to shut down. 
2024-08-06 16:31:02.9733 INFO Hosting environment: Development 
2024-08-06 16:31:02.9733 INFO Content root path: C:\Users\LENOVO\source\repos\SwiftPos\SwiftPos 
2024-08-06 16:32:24.5250 INFO Now listening on: https://localhost:7065 
2024-08-06 16:32:24.5472 INFO Now listening on: http://localhost:5259 
2024-08-06 16:32:24.5493 INFO Application started. Press Ctrl+C to shut down. 
2024-08-06 16:32:24.5493 INFO Hosting environment: Development 
2024-08-06 16:32:24.5493 INFO Content root path: C:\Users\LENOVO\source\repos\SwiftPos\SwiftPos 
